0,0:255
0,1:255
0,2:255
0,3:255
0,4:255
0,5:255
0,6:255
0,7:255
0,8:255
0,9:255
0,10:255
0,11:255
0,12:255
0,13:255
0,14:255
0,15:255
0,16:255
0,17:255
0,18:255
0,19:255
0,20:255
0,21:255
0,22:255
0,23:255
0,24:255
0,25:255
0,26:255
0,27:255
0,28:255
0,29:255
0,30:255
0,31:255
0,32:255
0,33:255
0,34:255
0,35:255
0,36:255
0,37:255
0,38:255
0,39:255
0,40:255
0,41:255
0,42:255
0,43:255
0,44:255
0,45:255
0,46:255
0,47:255
0,48:255
0,49:255
0,50:255
0,51:255
0,52:255
0,53:255
0,54:255
0,55:255
0,56:255
0,57:255
0,58:255
0,59:255
0,60:255
0,61:255
0,62:255
0,63:255
0,64:255
0,65:255
0,66:255
0,67:255
0,68:255
0,69:255
0,70:255
0,71:255
0,72:255
0,73:255
0,74:255
0,75:255
0,76:255
0,77:255
0,78:255
0,79:255
0,80:255
0,81:255
0,82:255
0,83:255
0,84:255
0,85:255
0,86:255
0,87:255
0,88:255
0,89:255
0,90:255
0,91:255
0,92:255
0,93:255
0,94:255
0,95:255
0,96:255
0,97:255
0,98:255
0,99:255
0,100:255
0,101:255
0,102:255
0,103:255
0,104:255
0,105:255
0,106:255
0,107:255
0,108:255
0,109:255
0,110:255
0,111:255
0,112:255
0,113:255
0,114:255
0,115:255
0,116:255
0,117:255
0,118:255
0,119:255
0,120:255
0,121:255
0,122:255
0,123:255
0,124:255
0,125:255
0,126:255
0,127:255
1,0:255
1,1:226
1,2:203
1,3:186
1,4:176
1,5:171
1,6:169
1,7:169
1,8:169
1,9:169
1,10:169
1,11:169
1,12:169
1,13:169
1,14:169
1,15:169
1,16:169
1,17:169
1,18:169
1,19:169
1,20:169
1,21:169
1,22:169
1,23:169
1,24:169
1,25:169
1,26:169
1,27:169
1,28:169
1,29:169
1,30:169
1,31:169
1,32:169
1,33:169
1,34:169
1,35:169
1,36:169
1,37:169
1,38:169
1,39:169
1,40:169
1,41:169
1,42:169
1,43:169
1,44:169
1,45:169
1,46:169
1,47:169
1,48:169
1,49:169
1,50:169
1,51:169
1,52:169
1,53:169
1,54:169
1,55:169
1,56:169
1,57:169
1,58:169
1,59:169
1,60:169
1,61:169
1,62:169
1,63:169
1,64:169
1,65:169
1,66:169
1,67:169
1,68:169
1,69:169
1,70:169
1,71:169
1,72:169
1,73:169
1,74:169
1,75:169
1,76:169
1,77:169
1,78:169
1,79:169
1,80:169
1,81:169
1,82:169
1,83:169
1,84:169
1,85:169
1,86:169
1,87:169
1,88:169
1,89:169
1,90:169
1,91:169
1,92:169
1,93:169
1,94:169
1,95:169
1,96:169
1,97:169
1,98:169
1,99:169
1,100:169
1,101:169
1,102:169
1,103:169
1,104:169
1,105:169
1,106:169
1,107:169
1,108:169
1,109:169
1,110:169
1,111:169
1,112:169
1,113:169
1,114:169
1,115:169
1,116:169
1,117:169
1,118:169
1,119:169
1,120:169
1,121:169
1,122:169
1,123:169
1,124:167
1,125:159
1,126:132
1,127:42
2,0:255
2,1:203
2,2:159
2,3:128
2,4:110
2,5:102
2,6:99
2,7:98
2,8:97
2,9:97
2,10:97
2,11:97
2,12:97
2,13:97
2,14:97
2,15:97
2,16:97
2,17:97
2,18:97
2,19:97
2,20:97
2,21:97
2,22:97
2,23:97
2,24:97
2,25:97
2,26:97
2,27:97
2,28:97
2,29:97
2,30:97
2,31:97
2,32:97
2,33:97
2,34:97
2,35:97
2,36:97
2,37:97
2,38:97
2,39:97
2,40:97
2,41:97
2,42:97
2,43:97
2,44:97
2,45:97
2,46:97
2,47:97
2,48:97
2,49:97
2,50:97
2,51:97
2,52:97
2,53:97
2,54:97
2,55:97
2,56:97
2,57:97
2,58:97
2,59:97
2,60:97
2,61:97
2,62:97
2,63:97
2,64:97
2,65:97
2,66:97
2,67:97
2,68:97
2,69:97
2,70:97
2,71:97
2,72:97
2,73:97
2,74:97
2,75:97
2,76:97
2,77:97
2,78:97
2,79:97
2,80:97
2,81:97
2,82:97
2,83:97
2,84:97
2,85:97
2,86:97
2,87:97
2,88:97
2,89:97
2,90:97
2,91:97
2,92:97
2,93:97
2,94:97
2,95:97
2,96:97
2,97:97
2,98:97
2,99:97
2,100:97
2,101:97
2,102:97
2,103:97
2,104:97
2,105:97
2,106:97
2,107:97
2,108:97
2,109:97
2,110:97
2,111:97
2,112:97
2,113:97
2,114:97
2,115:97
2,116:97
2,117:97
2,118:97
2,119:97
2,120:97
2,121:97
2,122:98
2,123:98
2,124:97
2,125:92
2,126:77
2,127:42
3,0:255
3,1:186
3,2:128
3,3:88
3,4:65
3,5:54
3,6:49
3,7:48
3,8:48
3,9:48
3,10:48
3,11:48
3,12:48
3,13:48
3,14:48
3,15:48
3,16:48
3,17:48
3,18:48
3,19:48
3,20:48
3,21:48
3,22:48
3,23:48
3,24:48
3,25:48
3,26:48
3,27:48
3,28:48
3,29:48
3,30:48
3,31:48
3,32:48
3,33:48
3,34:48
3,35:48
3,36:48
3,37:48
3,38:48
3,39:48
3,40:48
3,41:48
3,42:48
3,43:48
3,44:48
3,45:48
3,46:48
3,47:48
3,48:48
3,49:48
3,50:48
3,51:48
3,52:48
3,53:48
3,54:48
3,55:48
3,56:48
3,57:48
3,58:48
3,59:48
3,60:48
3,61:48
3,62:48
3,63:48
3,64:48
3,65:48
3,66:48
3,67:48
3,68:48
3,69:48
3,70:48
3,71:48
3,72:48
3,73:48
3,74:48
3,75:48
3,76:48
3,77:48
3,78:48
3,79:48
3,80:48
3,81:48
3,82:48
3,83:48
3,84:48
3,85:48
3,86:48
3,87:48
3,88:48
3,89:48
3,90:48
3,91:48
3,92:48
3,93:48
3,94:48
3,95:48
3,96:48
3,97:48
3,98:48
3,99:48
3,100:48
3,101:48
3,102:48
3,103:48
3,104:48
3,105:48
3,106:48
3,107:48
3,108:48
3,109:48
3,110:48
3,111:48
3,112:48
3,113:48
3,114:48
3,115:48
3,116:48
3,117:48
3,118:48
3,119:48
3,120:48
3,121:48
3,122:48
3,123:50
3,124:51
3,125:52
3,126:49
3,127:42
4,0:255
4,1:176
4,2:110
4,3:65
4,4:38
4,5:26
4,6:21
4,7:20
4,8:20
4,9:19
4,10:19
4,11:19
4,12:19
4,13:19
4,14:19
4,15:19
4,16:19
4,17:19
4,18:19
4,19:19
4,20:19
4,21:19
4,22:19
4,23:19
4,24:19
4,25:19
4,26:19
4,27:19
4,28:19
4,29:19
4,30:19
4,31:19
4,32:19
4,33:19
4,34:19
4,35:19
4,36:19
4,37:19
4,38:19
4,39:19
4,40:19
4,41:19
4,42:19
4,43:19
4,44:19
4,45:19
4,46:19
4,47:19
4,48:19
4,49:19
4,50:19
4,51:19
4,52:19
4,53:19
4,54:19
4,55:19
4,56:19
4,57:19
4,58:19
4,59:19
4,60:19
4,61:19
4,62:19
4,63:19
4,64:19
4,65:19
4,66:19
4,67:19
4,68:19
4,69:19
4,70:19
4,71:19
4,72:19
4,73:19
4,74:19
4,75:19
4,76:19
4,77:19
4,78:19
4,79:19
4,80:19
4,81:19
4,82:19
4,83:19
4,84:19
4,85:19
4,86:19
4,87:19
4,88:19
4,89:19
4,90:19
4,91:19
4,92:19
4,93:19
4,94:19
4,95:19
4,96:19
4,97:19
4,98:19
4,99:19
4,100:19
4,101:19
4,102:19
4,103:19
4,104:19
4,105:19
4,106:19
4,107:19
4,108:19
4,109:19
4,110:19
4,111:19
4,112:19
4,113:19
4,114:19
4,115:19
4,116:19
4,117:19
4,118:19
4,119:19
4,120:20
4,121:20
4,122:20
4,123:22
4,124:26
4,125:30
4,126:36
4,127:42
5,0:255
5,1:171
5,2:102
5,3:54
5,4:26
5,5:13
5,6:8
5,7:7
5,8:6
5,9:6
5,10:6
5,11:6
5,12:6
5,13:6
5,14:6
5,15:6
5,16:6
5,17:6
5,18:6
5,19:6
5,20:6
5,21:6
5,22:6
5,23:6
5,24:6
5,25:6
5,26:6
5,27:6
5,28:6
5,29:6
5,30:6
5,31:6
5,32:6
5,33:6
5,34:6
5,35:6
5,36:6
5,37:6
5,38:6
5,39:6
5,40:6
5,41:6
5,42:6
5,43:6
5,44:6
5,45:6
5,46:6
5,47:6
5,48:6
5,49:6
5,50:6
5,51:6
5,52:6
5,53:6
5,54:6
5,55:6
5,56:6
5,57:6
5,58:6
5,59:6
5,60:6
5,61:6
5,62:6
5,63:6
5,64:6
5,65:6
5,66:6
5,67:6
5,68:6
5,69:6
5,70:6
5,71:6
5,72:6
5,73:6
5,74:6
5,75:6
5,76:6
5,77:6
5,78:6
5,79:6
5,80:6
5,81:6
5,82:6
5,83:6
5,84:6
5,85:6
5,86:6
5,87:6
5,88:6
5,89:6
5,90:6
5,91:6
5,92:6
5,93:6
5,94:6
5,95:6
5,96:6
5,97:6
5,98:6
5,99:6
5,100:6
5,101:6
5,102:6
5,103:6
5,104:6
5,105:6
5,106:6
5,107:6
5,108:6
5,109:6
5,110:6
5,111:6
5,112:6
5,113:6
5,114:6
5,115:6
5,116:6
5,117:6
5,118:6
5,119:6
5,120:6
5,121:7
5,122:7
5,123:9
5,124:14
5,125:21
5,126:30
5,127:42
6,0:255
6,1:169
6,2:99
6,3:49
6,4:21
6,5:8
6,6:3
6,7:2
6,8:1
6,9:1
6,10:1
6,11:1
6,12:1
6,13:1
6,14:1
6,15:1
6,16:1
6,17:1
6,18:1
6,19:1
6,20:1
6,21:1
6,22:1
6,23:1
6,24:1
6,25:1
6,26:1
6,27:1
6,28:1
6,29:1
6,30:1
6,31:1
6,32:1
6,33:1
6,34:1
6,35:1
6,36:1
6,37:1
6,38:1
6,39:1
6,40:1
6,41:1
6,42:1
6,43:1
6,44:1
6,45:1
6,46:1
6,47:1
6,48:1
6,49:1
6,50:1
6,51:1
6,52:1
6,53:1
6,54:1
6,55:1
6,56:1
6,57:1
6,58:1
6,59:1
6,60:1
6,61:1
6,62:1
6,63:1
6,64:1
6,65:1
6,66:1
6,67:1
6,68:1
6,69:1
6,70:1
6,71:1
6,72:1
6,73:1
6,74:1
6,75:1
6,76:1
6,77:1
6,78:1
6,79:1
6,80:1
6,81:1
6,82:1
6,83:1
6,84:1
6,85:1
6,86:1
6,87:1
6,88:1
6,89:1
6,90:1
6,91:1
6,92:1
6,93:1
6,94:1
6,95:1
6,96:1
6,97:1
6,98:1
6,99:1
6,100:1
6,101:1
6,102:1
6,103:1
6,104:1
6,105:1
6,106:1
6,107:1
6,108:1
6,109:1
6,110:1
6,111:1
6,112:1
6,113:1
6,114:1
6,115:1
6,116:1
6,117:1
6,118:1
6,119:1
6,120:1
6,121:2
6,122:2
6,123:5
6,124:9
6,125:17
6,126:28
6,127:42
7,0:255
7,1:169
7,2:98
7,3:48
7,4:20
7,5:7
7,6:2
7,122:1
7,123:3
7,124:8
7,125:16
7,126:28
7,127:42
8,0:255
8,1:169
8,2:97
8,3:48
8,4:20
8,5:6
8,6:1
8,122:1
8,123:3
8,124:8
8,125:16
8,126:27
8,127:42
9,0:255
9,1:169
9,2:97
9,3:48
9,4:19
9,5:6
9,6:1
9,122:1
9,123:3
9,124:7
9,125:16
9,126:27
9,127:42
10,0:255
10,1:169
10,2:97
10,3:48
10,4:19
10,5:6
10,6:1
10,122:1
10,123:3
10,124:7
10,125:16
10,126:27
10,127:42
11,0:255
11,1:169
11,2:97
11,3:48
11,4:19
11,5:6
11,6:1
11,122:1
11,123:3
11,124:7
11,125:16
11,126:27
11,127:42
12,0:255
12,1:169
12,2:97
12,3:48
12,4:19
12,5:6
12,6:1
12,122:1
12,123:3
12,124:7
12,125:16
12,126:27
12,127:42
13,0:255
13,1:169
13,2:97
13,3:48
13,4:19
13,5:6
13,6:1
13,122:1
13,123:3
13,124:7
13,125:16
13,126:27
13,127:42
14,0:255
14,1:169
14,2:97
14,3:48
14,4:19
14,5:6
14,6:1
14,122:1
14,123:3
14,124:7
14,125:16
14,126:27
14,127:42
15,0:255
15,1:169
15,2:97
15,3:48
15,4:19
15,5:6
15,6:1
15,122:1
15,123:3
15,124:7
15,125:16
15,126:27
15,127:42
16,0:255
16,1:169
16,2:97
16,3:48
16,4:19
16,5:6
16,6:1
16,122:1
16,123:3
16,124:7
16,125:16
16,126:27
16,127:42
17,0:255
17,1:169
17,2:97
17,3:48
17,4:19
17,5:6
17,6:1
17,122:1
17,123:3
17,124:7
17,125:16
17,126:27
17,127:42
18,0:255
18,1:169
18,2:97
18,3:48
18,4:19
18,5:6
18,6:1
18,122:1
18,123:3
18,124:7
18,125:16
18,126:27
18,127:42
19,0:255
19,1:169
19,2:97
19,3:48
19,4:19
19,5:6
19,6:1
19,122:1
19,123:3
19,124:7
19,125:16
19,126:27
19,127:42
20,0:255
20,1:169
20,2:97
20,3:48
20,4:19
20,5:6
20,6:1
20,122:1
20,123:3
20,124:7
20,125:16
20,126:27
20,127:42
21,0:255
21,1:169
21,2:97
21,3:48
21,4:19
21,5:6
21,6:1
21,122:1
21,123:3
21,124:7
21,125:16
21,126:27
21,127:42
22,0:255
22,1:169
22,2:97
22,3:48
22,4:19
22,5:6
22,6:1
22,122:1
22,123:3
22,124:7
22,125:16
22,126:27
22,127:42
23,0:255
23,1:169
23,2:97
23,3:48
23,4:19
23,5:6
23,6:1
23,122:1
23,123:3
23,124:7
23,125:16
23,126:27
23,127:42
24,0:255
24,1:169
24,2:97
24,3:48
24,4:19
24,5:6
24,6:1
24,122:1
24,123:3
24,124:7
24,125:16
24,126:27
24,127:42
25,0:255
25,1:169
25,2:97
25,3:48
25,4:19
25,5:6
25,6:1
25,122:1
25,123:3
25,124:7
25,125:16
25,126:27
25,127:42
26,0:255
26,1:169
26,2:97
26,3:48
26,4:19
26,5:6
26,6:1
26,122:1
26,123:3
26,124:7
26,125:16
26,126:27
26,127:42
27,0:255
27,1:169
27,2:97
27,3:48
27,4:19
27,5:6
27,6:1
27,122:1
27,123:3
27,124:7
27,125:16
27,126:27
27,127:42
28,0:255
28,1:169
28,2:97
28,3:48
28,4:19
28,5:6
28,6:1
28,122:1
28,123:3
28,124:7
28,125:16
28,126:27
28,127:42
29,0:255
29,1:169
29,2:97
29,3:48
29,4:19
29,5:6
29,6:1
29,122:1
29,123:3
29,124:7
29,125:16
29,126:27
29,127:42
30,0:255
30,1:169
30,2:97
30,3:48
30,4:19
30,5:6
30,6:1
30,122:1
30,123:3
30,124:7
30,125:16
30,126:27
30,127:42
31,0:255
31,1:169
31,2:97
31,3:48
31,4:19
31,5:6
31,6:1
31,122:1
31,123:3
31,124:7
31,125:16
31,126:27
31,127:42
32,0:255
32,1:169
32,2:97
32,3:48
32,4:19
32,5:6
32,6:1
32,122:1
32,123:3
32,124:7
32,125:16
32,126:27
32,127:42
33,0:255
33,1:169
33,2:97
33,3:48
33,4:19
33,5:6
33,6:1
33,122:1
33,123:3
33,124:7
33,125:16
33,126:27
33,127:42
34,0:255
34,1:169
34,2:97
34,3:48
34,4:19
34,5:6
34,6:1
34,122:1
34,123:3
34,124:7
34,125:16
34,126:27
34,127:42
35,0:255
35,1:169
35,2:97
35,3:48
35,4:19
35,5:6
35,6:1
35,122:1
35,123:3
35,124:7
35,125:16
35,126:27
35,127:42
36,0:255
36,1:169
36,2:97
36,3:48
36,4:19
36,5:6
36,6:1
36,122:1
36,123:3
36,124:7
36,125:16
36,126:27
36,127:42
37,0:255
37,1:169
37,2:97
37,3:48
37,4:19
37,5:6
37,6:1
37,122:1
37,123:3
37,124:7
37,125:16
37,126:27
37,127:42
38,0:255
38,1:169
38,2:97
38,3:48
38,4:19
38,5:6
38,6:1
38,122:1
38,123:3
38,124:7
38,125:16
38,126:27
38,127:42
39,0:255
39,1:169
39,2:97
39,3:48
39,4:19
39,5:6
39,6:1
39,122:1
39,123:3
39,124:7
39,125:16
39,126:27
39,127:42
40,0:255
40,1:169
40,2:97
40,3:48
40,4:19
40,5:6
40,6:1
40,122:1
40,123:3
40,124:7
40,125:16
40,126:27
40,127:42
41,0:255
41,1:169
41,2:97
41,3:48
41,4:19
41,5:6
41,6:1
41,122:1
41,123:3
41,124:7
41,125:16
41,126:27
41,127:42
42,0:255
42,1:169
42,2:97
42,3:48
42,4:19
42,5:6
42,6:1
42,122:1
42,123:3
42,124:7
42,125:16
42,126:27
42,127:42
43,0:255
43,1:169
43,2:97
43,3:48
43,4:19
43,5:6
43,6:1
43,122:1
43,123:3
43,124:7
43,125:16
43,126:27
43,127:42
44,0:255
44,1:169
44,2:97
44,3:48
44,4:19
44,5:6
44,6:1
44,122:1
44,123:3
44,124:7
44,125:16
44,126:27
44,127:42
45,0:255
45,1:169
45,2:97
45,3:48
45,4:19
45,5:6
45,6:1
45,122:1
45,123:3
45,124:7
45,125:16
45,126:27
45,127:42
46,0:255
46,1:169
46,2:97
46,3:48
46,4:19
46,5:6
46,6:1
46,122:1
46,123:3
46,124:7
46,125:16
46,126:27
46,127:42
47,0:255
47,1:169
47,2:97
47,3:48
47,4:19
47,5:6
47,6:1
47,122:1
47,123:3
47,124:7
47,125:16
47,126:27
47,127:42
48,0:255
48,1:169
48,2:97
48,3:48
48,4:19
48,5:6
48,6:1
48,122:1
48,123:3
48,124:7
48,125:16
48,126:27
48,127:42
49,0:255
49,1:169
49,2:97
49,3:48
49,4:19
49,5:6
49,6:1
49,122:1
49,123:3
49,124:7
49,125:16
49,126:27
49,127:42
50,0:255
50,1:169
50,2:97
50,3:48
50,4:19
50,5:6
50,6:1
50,122:1
50,123:3
50,124:7
50,125:16
50,126:27
50,127:42
51,0:255
51,1:169
51,2:97
51,3:48
51,4:19
51,5:6
51,6:1
51,122:1
51,123:3
51,124:7
51,125:16
51,126:27
51,127:42
52,0:255
52,1:169
52,2:97
52,3:48
52,4:19
52,5:6
52,6:1
52,122:1
52,123:3
52,124:7
52,125:16
52,126:27
52,127:42
53,0:255
53,1:169
53,2:97
53,3:48
53,4:19
53,5:6
53,6:1
53,122:1
53,123:3
53,124:7
53,125:16
53,126:27
53,127:42
54,0:255
54,1:169
54,2:97
54,3:48
54,4:19
54,5:6
54,6:1
54,122:1
54,123:3
54,124:7
54,125:16
54,126:27
54,127:42
55,0:255
55,1:169
55,2:97
55,3:48
55,4:19
55,5:6
55,6:1
55,122:1
55,123:3
55,124:7
55,125:16
55,126:27
55,127:42
56,0:255
56,1:169
56,2:97
56,3:48
56,4:19
56,5:6
56,6:1
56,122:1
56,123:3
56,124:7
56,125:16
56,126:27
56,127:42
57,0:255
57,1:169
57,2:97
57,3:48
57,4:19
57,5:6
57,6:1
57,122:1
57,123:3
57,124:7
57,125:16
57,126:27
57,127:42
58,0:255
58,1:169
58,2:97
58,3:48
58,4:19
58,5:6
58,6:1
58,122:1
58,123:3
58,124:7
58,125:16
58,126:27
58,127:42
59,0:255
59,1:169
59,2:97
59,3:48
59,4:19
59,5:6
59,6:1
59,122:1
59,123:3
59,124:7
59,125:16
59,126:27
59,127:42
60,0:255
60,1:169
60,2:97
60,3:48
60,4:19
60,5:6
60,6:1
60,122:1
60,123:3
60,124:7
60,125:16
60,126:27
60,127:42
61,0:255
61,1:169
61,2:97
61,3:48
61,4:19
61,5:6
61,6:1
61,122:1
61,123:3
61,124:7
61,125:16
61,126:27
61,127:42
62,0:255
62,1:169
62,2:97
62,3:48
62,4:19
62,5:6
62,6:1
62,122:1
62,123:3
62,124:7
62,125:16
62,126:27
62,127:42
63,0:255
63,1:169
63,2:97
63,3:48
63,4:19
63,5:6
63,6:1
63,122:1
63,123:3
63,124:7
63,125:16
63,126:27
63,127:42
64,0:255
64,1:169
64,2:97
64,3:48
64,4:19
64,5:6
64,6:1
64,122:1
64,123:3
64,124:7
64,125:16
64,126:27
64,127:42
65,0:255
65,1:169
65,2:97
65,3:48
65,4:19
65,5:6
65,6:1
65,122:1
65,123:3
65,124:7
65,125:16
65,126:27
65,127:42
66,0:255
66,1:169
66,2:97
66,3:48
66,4:19
66,5:6
66,6:1
66,122:1
66,123:3
66,124:7
66,125:16
66,126:27
66,127:42
67,0:255
67,1:169
67,2:97
67,3:48
67,4:19
67,5:6
67,6:1
67,122:1
67,123:3
67,124:7
67,125:16
67,126:27
67,127:42
68,0:255
68,1:169
68,2:97
68,3:48
68,4:19
68,5:6
68,6:1
68,122:1
68,123:3
68,124:7
68,125:16
68,126:27
68,127:42
69,0:255
69,1:169
69,2:97
69,3:48
69,4:19
69,5:6
69,6:1
69,122:1
69,123:3
69,124:7
69,125:16
69,126:27
69,127:42
70,0:255
70,1:169
70,2:97
70,3:48
70,4:19
70,5:6
70,6:1
70,122:1
70,123:3
70,124:7
70,125:16
70,126:27
70,127:42
71,0:255
71,1:169
71,2:97
71,3:48
71,4:19
71,5:6
71,6:1
71,122:1
71,123:3
71,124:7
71,125:16
71,126:27
71,127:42
72,0:255
72,1:169
72,2:97
72,3:48
72,4:19
72,5:6
72,6:1
72,122:1
72,123:3
72,124:7
72,125:16
72,126:27
72,127:42
73,0:255
73,1:169
73,2:97
73,3:48
73,4:19
73,5:6
73,6:1
73,122:1
73,123:3
73,124:7
73,125:16
73,126:27
73,127:42
74,0:255
74,1:169
74,2:97
74,3:48
74,4:19
74,5:6
74,6:1
74,122:1
74,123:3
74,124:7
74,125:16
74,126:27
74,127:42
75,0:255
75,1:169
75,2:97
75,3:48
75,4:19
75,5:6
75,6:1
75,122:1
75,123:3
75,124:7
75,125:16
75,126:27
75,127:42
76,0:255
76,1:169
76,2:97
76,3:48
76,4:19
76,5:6
76,6:1
76,122:1
76,123:3
76,124:7
76,125:16
76,126:27
76,127:42
77,0:255
77,1:169
77,2:97
77,3:48
77,4:19
77,5:6
77,6:1
77,122:1
77,123:3
77,124:7
77,125:16
77,126:27
77,127:42
78,0:255
78,1:169
78,2:97
78,3:48
78,4:19
78,5:6
78,6:1
78,122:1
78,123:3
78,124:7
78,125:16
78,126:27
78,127:42
79,0:255
79,1:169
79,2:97
79,3:48
79,4:19
79,5:6
79,6:1
79,122:1
79,123:3
79,124:7
79,125:16
79,126:27
79,127:42
80,0:255
80,1:169
80,2:97
80,3:48
80,4:19
80,5:6
80,6:1
80,122:1
80,123:3
80,124:7
80,125:16
80,126:27
80,127:42
81,0:255
81,1:169
81,2:97
81,3:48
81,4:19
81,5:6
81,6:1
81,122:1
81,123:3
81,124:7
81,125:16
81,126:27
81,127:42
82,0:255
82,1:169
82,2:97
82,3:48
82,4:19
82,5:6
82,6:1
82,122:1
82,123:3
82,124:7
82,125:16
82,126:27
82,127:42
83,0:255
83,1:169
83,2:97
83,3:48
83,4:19
83,5:6
83,6:1
83,122:1
83,123:3
83,124:7
83,125:16
83,126:27
83,127:42
84,0:255
84,1:169
84,2:97
84,3:48
84,4:19
84,5:6
84,6:1
84,122:1
84,123:3
84,124:7
84,125:16
84,126:27
84,127:42
85,0:255
85,1:169
85,2:97
85,3:48
85,4:19
85,5:6
85,6:1
85,122:1
85,123:3
85,124:7
85,125:16
85,126:27
85,127:42
86,0:255
86,1:169
86,2:97
86,3:48
86,4:19
86,5:6
86,6:1
86,122:1
86,123:3
86,124:7
86,125:16
86,126:27
86,127:42
87,0:255
87,1:169
87,2:97
87,3:48
87,4:19
87,5:6
87,6:1
87,122:1
87,123:3
87,124:7
87,125:16
87,126:27
87,127:42
88,0:255
88,1:169
88,2:97
88,3:48
88,4:19
88,5:6
88,6:1
88,122:1
88,123:3
88,124:7
88,125:16
88,126:27
88,127:42
89,0:255
89,1:169
89,2:97
89,3:48
89,4:19
89,5:6
89,6:1
89,122:1
89,123:3
89,124:7
89,125:16
89,126:27
89,127:42
90,0:255
90,1:169
90,2:97
90,3:48
90,4:19
90,5:6
90,6:1
90,122:1
90,123:3
90,124:7
90,125:16
90,126:27
90,127:42
91,0:255
91,1:169
91,2:97
91,3:48
91,4:19
91,5:6
91,6:1
91,122:1
91,123:3
91,124:7
91,125:16
91,126:27
91,127:42
92,0:255
92,1:169
92,2:97
92,3:48
92,4:19
92,5:6
92,6:1
92,122:1
92,123:3
92,124:7
92,125:16
92,126:27
92,127:42
93,0:255
93,1:169
93,2:97
93,3:48
93,4:19
93,5:6
93,6:1
93,122:1
93,123:3
93,124:7
93,125:16
93,126:27
93,127:42
94,0:255
94,1:169
94,2:97
94,3:48
94,4:19
94,5:6
94,6:1
94,122:1
94,123:3
94,124:7
94,125:16
94,126:27
94,127:42
95,0:255
95,1:169
95,2:97
95,3:48
95,4:19
95,5:6
95,6:1
95,122:1
95,123:3
95,124:7
95,125:16
95,126:27
95,127:42
96,0:255
96,1:169
96,2:97
96,3:48
96,4:19
96,5:6
96,6:1
96,122:1
96,123:3
96,124:7
96,125:16
96,126:27
96,127:42
97,0:255
97,1:169
97,2:97
97,3:48
97,4:19
97,5:6
97,6:1
97,122:1
97,123:3
97,124:7
97,125:16
97,126:27
97,127:42
98,0:255
98,1:169
98,2:97
98,3:48
98,4:19
98,5:6
98,6:1
98,122:1
98,123:3
98,124:7
98,125:16
98,126:27
98,127:42
99,0:255
99,1:169
99,2:97
99,3:48
99,4:19
99,5:6
99,6:1
99,122:1
99,123:3
99,124:7
99,125:16
99,126:27
99,127:42
100,0:255
100,1:169
100,2:97
100,3:48
100,4:19
100,5:6
100,6:1
100,122:1
100,123:3
100,124:7
100,125:16
100,126:27
100,127:42
101,0:255
101,1:169
101,2:97
101,3:48
101,4:19
101,5:6
101,6:1
101,122:1
101,123:3
101,124:7
101,125:16
101,126:27
101,127:42
102,0:255
102,1:169
102,2:97
102,3:48
102,4:19
102,5:6
102,6:1
102,122:1
102,123:3
102,124:7
102,125:16
102,126:27
102,127:42
103,0:255
103,1:169
103,2:97
103,3:48
103,4:19
103,5:6
103,6:1
103,122:1
103,123:3
103,124:7
103,125:16
103,126:27
103,127:42
104,0:255
104,1:169
104,2:97
104,3:48
104,4:19
104,5:6
104,6:1
104,122:1
104,123:3
104,124:7
104,125:16
104,126:27
104,127:42
105,0:255
105,1:169
105,2:97
105,3:48
105,4:19
105,5:6
105,6:1
105,122:1
105,123:3
105,124:7
105,125:16
105,126:27
105,127:42
106,0:255
106,1:169
106,2:97
106,3:48
106,4:19
106,5:6
106,6:1
106,122:1
106,123:3
106,124:7
106,125:16
106,126:27
106,127:42
107,0:255
107,1:169
107,2:97
107,3:48
107,4:19
107,5:6
107,6:1
107,122:1
107,123:3
107,124:7
107,125:16
107,126:27
107,127:42
108,0:255
108,1:169
108,2:97
108,3:48
108,4:19
108,5:6
108,6:1
108,122:1
108,123:3
108,124:7
108,125:16
108,126:27
108,127:42
109,0:255
109,1:169
109,2:97
109,3:48
109,4:19
109,5:6
109,6:1
109,122:1
109,123:3
109,124:7
109,125:16
109,126:27
109,127:42
110,0:255
110,1:169
110,2:97
110,3:48
110,4:19
110,5:6
110,6:1
110,122:1
110,123:3
110,124:7
110,125:16
110,126:27
110,127:42
111,0:255
111,1:169
111,2:97
111,3:48
111,4:19
111,5:6
111,6:1
111,122:1
111,123:3
111,124:7
111,125:16
111,126:27
111,127:42
112,0:255
112,1:169
112,2:97
112,3:48
112,4:19
112,5:6
112,6:1
112,122:1
112,123:3
112,124:7
112,125:16
112,126:27
112,127:42
113,0:255
113,1:169
113,2:97
113,3:48
113,4:19
113,5:6
113,6:1
113,122:1
113,123:3
113,124:7
113,125:16
113,126:27
113,127:42
114,0:255
114,1:169
114,2:97
114,3:48
114,4:19
114,5:6
114,6:1
114,122:1
114,123:3
114,124:7
114,125:16
114,126:27
114,127:42
115,0:255
115,1:169
115,2:97
115,3:48
115,4:19
115,5:6
115,6:1
115,122:1
115,123:3
115,124:7
115,125:16
115,126:27
115,127:42
116,0:255
116,1:169
116,2:97
116,3:48
116,4:19
116,5:6
116,6:1
116,122:1
116,123:3
116,124:7
116,125:16
116,126:27
116,127:42
117,0:255
117,1:169
117,2:97
117,3:48
117,4:19
117,5:6
117,6:1
117,122:1
117,123:3
117,124:7
117,125:16
117,126:27
117,127:42
118,0:255
118,1:169
118,2:97
118,3:48
118,4:19
118,5:6
118,6:1
118,122:1
118,123:3
118,124:7
118,125:16
118,126:27
118,127:42
119,0:255
119,1:169
119,2:97
119,3:48
119,4:19
119,5:6
119,6:1
119,122:1
119,123:3
119,124:7
119,125:16
119,126:27
119,127:42
120,0:255
120,1:169
120,2:97
120,3:48
120,4:20
120,5:6
120,6:1
120,122:1
120,123:3
120,124:8
120,125:16
120,126:27
120,127:42
121,0:255
121,1:169
121,2:97
121,3:48
121,4:20
121,5:7
121,6:2
121,122:1
121,123:3
121,124:8
121,125:16
121,126:27
121,127:42
122,0:255
122,1:169
122,2:98
122,3:48
122,4:20
122,5:7
122,6:2
122,7:1
122,8:1
122,9:1
122,10:1
122,11:1
122,12:1
122,13:1
122,14:1
122,15:1
122,16:1
122,17:1
122,18:1
122,19:1
122,20:1
122,21:1
122,22:1
122,23:1
122,24:1
122,25:1
122,26:1
122,27:1
122,28:1
122,29:1
122,30:1
122,31:1
122,32:1
122,33:1
122,34:1
122,35:1
122,36:1
122,37:1
122,38:1
122,39:1
122,40:1
122,41:1
122,42:1
122,43:1
122,44:1
122,45:1
122,46:1
122,47:1
122,48:1
122,49:1
122,50:1
122,51:1
122,52:1
122,53:1
122,54:1
122,55:1
122,56:1
122,57:1
122,58:1
122,59:1
122,60:1
122,61:1
122,62:1
122,63:1
122,64:1
122,65:1
122,66:1
122,67:1
122,68:1
122,69:1
122,70:1
122,71:1
122,72:1
122,73:1
122,74:1
122,75:1
122,76:1
122,77:1
122,78:1
122,79:1
122,80:1
122,81:1
122,82:1
122,83:1
122,84:1
122,85:1
122,86:1
122,87:1
122,88:1
122,89:1
122,90:1
122,91:1
122,92:1
122,93:1
122,94:1
122,95:1
122,96:1
122,97:1
122,98:1
122,99:1
122,100:1
122,101:1
122,102:1
122,103:1
122,104:1
122,105:1
122,106:1
122,107:1
122,108:1
122,109:1
122,110:1
122,111:1
122,112:1
122,113:1
122,114:1
122,115:1
122,116:1
122,117:1
122,118:1
122,119:1
122,120:1
122,121:1
122,122:2
122,123:4
122,124:8
122,125:16
122,126:28
122,127:42
123,0:255
123,1:169
123,2:98
123,3:50
123,4:22
123,5:9
123,6:5
123,7:3
123,8:3
123,9:3
123,10:3
123,11:3
123,12:3
123,13:3
123,14:3
123,15:3
123,16:3
123,17:3
123,18:3
123,19:3
123,20:3
123,21:3
123,22:3
123,23:3
123,24:3
123,25:3
123,26:3
123,27:3
123,28:3
123,29:3
123,30:3
123,31:3
123,32:3
123,33:3
123,34:3
123,35:3
123,36:3
123,37:3
123,38:3
123,39:3
123,40:3
123,41:3
123,42:3
123,43:3
123,44:3
123,45:3
123,46:3
123,47:3
123,48:3
123,49:3
123,50:3
123,51:3
123,52:3
123,53:3
123,54:3
123,55:3
123,56:3
123,57:3
123,58:3
123,59:3
123,60:3
123,61:3
123,62:3
123,63:3
123,64:3
123,65:3
123,66:3
123,67:3
123,68:3
123,69:3
123,70:3
123,71:3
123,72:3
123,73:3
123,74:3
123,75:3
123,76:3
123,77:3
123,78:3
123,79:3
123,80:3
123,81:3
123,82:3
123,83:3
123,84:3
123,85:3
123,86:3
123,87:3
123,88:3
123,89:3
123,90:3
123,91:3
123,92:3
123,93:3
123,94:3
123,95:3
123,96:3
123,97:3
123,98:3
123,99:3
123,100:3
123,101:3
123,102:3
123,103:3
123,104:3
123,105:3
123,106:3
123,107:3
123,108:3
123,109:3
123,110:3
123,111:3
123,112:3
123,113:3
123,114:3
123,115:3
123,116:3
123,117:3
123,118:3
123,119:3
123,120:3
123,121:3
123,122:4
123,123:6
123,124:10
123,125:18
123,126:29
123,127:42
124,0:255
124,1:167
124,2:97
124,3:51
124,4:26
124,5:14
124,6:9
124,7:8
124,8:8
124,9:7
124,10:7
124,11:7
124,12:7
124,13:7
124,14:7
124,15:7
124,16:7
124,17:7
124,18:7
124,19:7
124,20:7
124,21:7
124,22:7
124,23:7
124,24:7
124,25:7
124,26:7
124,27:7
124,28:7
124,29:7
124,30:7
124,31:7
124,32:7
124,33:7
124,34:7
124,35:7
124,36:7
124,37:7
124,38:7
124,39:7
124,40:7
124,41:7
124,42:7
124,43:7
124,44:7
124,45:7
124,46:7
124,47:7
124,48:7
124,49:7
124,50:7
124,51:7
124,52:7
124,53:7
124,54:7
124,55:7
124,56:7
124,57:7
124,58:7
124,59:7
124,60:7
124,61:7
124,62:7
124,63:7
124,64:7
124,65:7
124,66:7
124,67:7
124,68:7
124,69:7
124,70:7
124,71:7
124,72:7
124,73:7
124,74:7
124,75:7
124,76:7
124,77:7
124,78:7
124,79:7
124,80:7
124,81:7
124,82:7
124,83:7
124,84:7
124,85:7
124,86:7
124,87:7
124,88:7
124,89:7
124,90:7
124,91:7
124,92:7
124,93:7
124,94:7
124,95:7
124,96:7
124,97:7
124,98:7
124,99:7
124,100:7
124,101:7
124,102:7
124,103:7
124,104:7
124,105:7
124,106:7
124,107:7
124,108:7
124,109:7
124,110:7
124,111:7
124,112:7
124,113:7
124,114:7
124,115:7
124,116:7
124,117:7
124,118:7
124,119:7
124,120:8
124,121:8
124,122:8
124,123:10
124,124:14
124,125:21
124,126:30
124,127:42
125,0:255
125,1:159
125,2:92
125,3:52
125,4:30
125,5:21
125,6:17
125,7:16
125,8:16
125,9:16
125,10:16
125,11:16
125,12:16
125,13:16
125,14:16
125,15:16
125,16:16
125,17:16
125,18:16
125,19:16
125,20:16
125,21:16
125,22:16
125,23:16
125,24:16
125,25:16
125,26:16
125,27:16
125,28:16
125,29:16
125,30:16
125,31:16
125,32:16
125,33:16
125,34:16
125,35:16
125,36:16
125,37:16
125,38:16
125,39:16
125,40:16
125,41:16
125,42:16
125,43:16
125,44:16
125,45:16
125,46:16
125,47:16
125,48:16
125,49:16
125,50:16
125,51:16
125,52:16
125,53:16
125,54:16
125,55:16
125,56:16
125,57:16
125,58:16
125,59:16
125,60:16
125,61:16
125,62:16
125,63:16
125,64:16
125,65:16
125,66:16
125,67:16
125,68:16
125,69:16
125,70:16
125,71:16
125,72:16
125,73:16
125,74:16
125,75:16
125,76:16
125,77:16
125,78:16
125,79:16
125,80:16
125,81:16
125,82:16
125,83:16
125,84:16
125,85:16
125,86:16
125,87:16
125,88:16
125,89:16
125,90:16
125,91:16
125,92:16
125,93:16
125,94:16
125,95:16
125,96:16
125,97:16
125,98:16
125,99:16
125,100:16
125,101:16
125,102:16
125,103:16
125,104:16
125,105:16
125,106:16
125,107:16
125,108:16
125,109:16
125,110:16
125,111:16
125,112:16
125,113:16
125,114:16
125,115:16
125,116:16
125,117:16
125,118:16
125,119:16
125,120:16
125,121:16
125,122:16
125,123:18
125,124:21
125,125:26
125,126:33
125,127:42
126,0:255
126,1:132
126,2:77
126,3:49
126,4:36
126,5:30
126,6:28
126,7:28
126,8:27
126,9:27
126,10:27
126,11:27
126,12:27
126,13:27
126,14:27
126,15:27
126,16:27
126,17:27
126,18:27
126,19:27
126,20:27
126,21:27
126,22:27
126,23:27
126,24:27
126,25:27
126,26:27
126,27:27
126,28:27
126,29:27
126,30:27
126,31:27
126,32:27
126,33:27
126,34:27
126,35:27
126,36:27
126,37:27
126,38:27
126,39:27
126,40:27
126,41:27
126,42:27
126,43:27
126,44:27
126,45:27
126,46:27
126,47:27
126,48:27
126,49:27
126,50:27
126,51:27
126,52:27
126,53:27
126,54:27
126,55:27
126,56:27
126,57:27
126,58:27
126,59:27
126,60:27
126,61:27
126,62:27
126,63:27
126,64:27
126,65:27
126,66:27
126,67:27
126,68:27
126,69:27
126,70:27
126,71:27
126,72:27
126,73:27
126,74:27
126,75:27
126,76:27
126,77:27
126,78:27
126,79:27
126,80:27
126,81:27
126,82:27
126,83:27
126,84:27
126,85:27
126,86:27
126,87:27
126,88:27
126,89:27
126,90:27
126,91:27
126,92:27
126,93:27
126,94:27
126,95:27
126,96:27
126,97:27
126,98:27
126,99:27
126,100:27
126,101:27
126,102:27
126,103:27
126,104:27
126,105:27
126,106:27
126,107:27
126,108:27
126,109:27
126,110:27
126,111:27
126,112:27
126,113:27
126,114:27
126,115:27
126,116:27
126,117:27
126,118:27
126,119:27
126,120:27
126,121:27
126,122:28
126,123:29
126,124:30
126,125:33
126,126:37
126,127:42
127,0:42
127,1:42
127,2:42
127,3:42
127,4:42
127,5:42
127,6:42
127,7:42
127,8:42
127,9:42
127,10:42
127,11:42
127,12:42
127,13:42
127,14:42
127,15:42
127,16:42
127,17:42
127,18:42
127,19:42
127,20:42
127,21:42
127,22:42
127,23:42
127,24:42
127,25:42
127,26:42
127,27:42
127,28:42
127,29:42
127,30:42
127,31:42
127,32:42
127,33:42
127,34:42
127,35:42
127,36:42
127,37:42
127,38:42
127,39:42
127,40:42
127,41:42
127,42:42
127,43:42
127,44:42
127,45:42
127,46:42
127,47:42
127,48:42
127,49:42
127,50:42
127,51:42
127,52:42
127,53:42
127,54:42
127,55:42
127,56:42
127,57:42
127,58:42
127,59:42
127,60:42
127,61:42
127,62:42
127,63:42
127,64:42
127,65:42
127,66:42
127,67:42
127,68:42
127,69:42
127,70:42
127,71:42
127,72:42
127,73:42
127,74:42
127,75:42
127,76:42
127,77:42
127,78:42
127,79:42
127,80:42
127,81:42
127,82:42
127,83:42
127,84:42
127,85:42
127,86:42
127,87:42
127,88:42
127,89:42
127,90:42
127,91:42
127,92:42
127,93:42
127,94:42
127,95:42
127,96:42
127,97:42
127,98:42
127,99:42
127,100:42
127,101:42
127,102:42
127,103:42
127,104:42
127,105:42
127,106:42
127,107:42
127,108:42
127,109:42
127,110:42
127,111:42
127,112:42
127,113:42
127,114:42
127,115:42
127,116:42
127,117:42
127,118:42
127,119:42
127,120:42
127,121:42
127,122:42
127,123:42
127,124:42
127,125:42
127,126:42
127,127:42
