0,0:0x000000ff
0,1:0x000000ff
0,2:0x000000ff
0,3:0x000000ff
0,4:0x000000ff
0,5:0x000000ff
0,6:0x000000ff
0,7:0x000000ff
0,8:0x000000ff
0,9:0x000000ff
0,10:0x000000ff
0,11:0x000000ff
0,12:0x000000ff
0,13:0x000000ff
0,14:0x000000ff
0,15:0x000000ff
1,0:0x000000ff
1,1:0x000000fc
1,2:0x000000fa
1,3:0x000000f8
1,4:0x000000f6
1,5:0x000000f4
1,6:0x000000f2
1,7:0x000000ef
1,8:0x000000ec
1,9:0x000000e9
1,10:0x000000e4
1,11:0x000000dd
1,12:0x000000d2
1,13:0x000000be
1,14:0x00000094
1,15:0x0000002a
2,0:0x000000ff
2,1:0x000000fa
2,2:0x000000f6
2,3:0x000000f2
2,4:0x000000ee
2,5:0x000000ea
2,6:0x000000e5
2,7:0x000000e0
2,8:0x000000db
2,9:0x000000d4
2,10:0x000000cb
2,11:0x000000bf
2,12:0x000000ae
2,13:0x00000094
2,14:0x0000006a
2,15:0x0000002a
3,0:0x000000ff
3,1:0x000000f8
3,2:0x000000f2
3,3:0x000000ec
3,4:0x000000e6
3,5:0x000000df
3,6:0x000000d9
3,7:0x000000d2
3,8:0x000000ca
3,9:0x000000c1
3,10:0x000000b6
3,11:0x000000a7
3,12:0x00000094
3,13:0x0000007a
3,14:0x00000056
3,15:0x0000002a
4,0:0x000000ff
4,1:0x000000f6
4,2:0x000000ee
4,3:0x000000e6
4,4:0x000000dd
4,5:0x000000d5
4,6:0x000000cd
4,7:0x000000c4
4,8:0x000000bb
4,9:0x000000b0
4,10:0x000000a3
4,11:0x00000094
4,12:0x00000081
4,13:0x00000069
4,14:0x0000004b
4,15:0x0000002a
5,0:0x000000ff
5,1:0x000000f4
5,2:0x000000ea
5,3:0x000000df
5,4:0x000000d5
5,5:0x000000cc
5,6:0x000000c2
5,7:0x000000b8
5,8:0x000000ad
5,9:0x000000a1
5,10:0x00000094
5,11:0x00000085
5,12:0x00000072
5,13:0x0000005d
5,14:0x00000044
5,15:0x0000002a
6,0:0x000000ff
6,1:0x000000f2
6,2:0x000000e5
6,3:0x000000d9
6,4:0x000000cd
6,5:0x000000c2
6,6:0x000000b7
6,7:0x000000ac
6,8:0x000000a0
6,9:0x00000094
6,10:0x00000087
6,11:0x00000078
6,12:0x00000067
6,13:0x00000054
6,14:0x0000003f
6,15:0x0000002a
7,0:0x000000ff
7,1:0x000000ef
7,2:0x000000e0
7,3:0x000000d2
7,4:0x000000c4
7,5:0x000000b8
7,6:0x000000ac
7,7:0x000000a0
7,8:0x00000094
7,9:0x00000088
7,10:0x0000007b
7,11:0x0000006d
7,12:0x0000005e
7,13:0x0000004d
7,14:0x0000003c
7,15:0x0000002a
8,0:0x000000ff
8,1:0x000000ec
8,2:0x000000db
8,3:0x000000ca
8,4:0x000000bb
8,5:0x000000ad
8,6:0x000000a0
8,7:0x00000094
8,8:0x00000088
8,9:0x0000007c
8,10:0x00000070
8,11:0x00000064
8,12:0x00000056
8,13:0x00000048
8,14:0x00000039
8,15:0x0000002a
9,0:0x000000ff
9,1:0x000000e9
9,2:0x000000d4
9,3:0x000000c1
9,4:0x000000b0
9,5:0x000000a1
9,6:0x00000094
9,7:0x00000088
9,8:0x0000007c
9,9:0x00000071
9,10:0x00000066
9,11:0x0000005b
9,12:0x0000004f
9,13:0x00000043
9,14:0x00000036
9,15:0x0000002a
10,0:0x000000ff
10,1:0x000000e4
10,2:0x000000cb
10,3:0x000000b6
10,4:0x000000a3
10,5:0x00000094
10,6:0x00000087
10,7:0x0000007b
10,8:0x00000070
10,9:0x00000066
10,10:0x0000005c
10,11:0x00000053
10,12:0x00000049
10,13:0x0000003e
10,14:0x00000034
10,15:0x0000002a
11,0:0x000000ff
11,1:0x000000dd
11,2:0x000000bf
11,3:0x000000a7
11,4:0x00000094
11,5:0x00000085
11,6:0x00000078
11,7:0x0000006d
11,8:0x00000064
11,9:0x0000005b
11,10:0x00000053
11,11:0x0000004b
11,12:0x00000042
11,13:0x0000003a
11,14:0x00000032
11,15:0x0000002a
12,0:0x000000ff
12,1:0x000000d2
12,2:0x000000ae
12,3:0x00000094
12,4:0x00000081
12,5:0x00000072
12,6:0x00000067
12,7:0x0000005e
12,8:0x00000056
12,9:0x0000004f
12,10:0x00000049
12,11:0x00000042
12,12:0x0000003c
12,13:0x00000036
12,14:0x00000030
12,15:0x0000002a
13,0:0x000000ff
13,1:0x000000be
13,2:0x00000094
13,3:0x0000007a
13,4:0x00000069
13,5:0x0000005d
13,6:0x00000054
13,7:0x0000004d
13,8:0x00000048
13,9:0x00000043
13,10:0x0000003e
13,11:0x0000003a
13,12:0x00000036
13,13:0x00000032
13,14:0x0000002e
13,15:0x0000002a
14,0:0x000000ff
14,1:0x00000094
14,2:0x0000006a
14,3:0x00000056
14,4:0x0000004b
14,5:0x00000044
14,6:0x0000003f
14,7:0x0000003c
14,8:0x00000039
14,9:0x00000036
14,10:0x00000034
14,11:0x00000032
14,12:0x00000030
14,13:0x0000002e
14,14:0x0000002c
14,15:0x0000002a
15,0:0x0000002a
15,1:0x0000002a
15,2:0x0000002a
15,3:0x0000002a
15,4:0x0000002a
15,5:0x0000002a
15,6:0x0000002a
15,7:0x0000002a
15,8:0x0000002a
15,9:0x0000002a
15,10:0x0000002a
15,11:0x0000002a
15,12:0x0000002a
15,13:0x0000002a
15,14:0x0000002a
15,15:0x0000002a
