ramA[100+0] = 0xfffffffe
ramB[0] = 0x00000001
ramA[100+1] = 0xfffffffd
ramB[1] = 0x00000002
ramA[100+2] = 0xfffffffb
ramB[2] = 0x00000004
ramA[100+3] = 0xfffffff7
ramB[3] = 0x00000008
ramA[100+4] = 0xffffffef
ramB[4] = 0x00000010
ramA[100+5] = 0xffffffdf
ramB[5] = 0x00000020
ramA[100+6] = 0xffffffbf
ramB[6] = 0x00000040
ramA[100+7] = 0xffffff7f
ramB[7] = 0x00000080
ramA[100+8] = 0xfffffeff
ramB[8] = 0x00000100
ramA[100+9] = 0xfffffdff
ramB[9] = 0x00000200
ramA[100+10] = 0xfffffbff
ramB[10] = 0x00000400
ramA[100+11] = 0xfffff7ff
ramB[11] = 0x00000800
ramA[100+12] = 0xffffefff
ramB[12] = 0x00001000
ramA[100+13] = 0xffffdfff
ramB[13] = 0x00002000
ramA[100+14] = 0xffffbfff
ramB[14] = 0x00004000
ramA[100+15] = 0xffff7fff
ramB[15] = 0x00008000
ramA[100+16] = 0xfffeffff
ramB[16] = 0x00010000
ramA[100+17] = 0xfffdffff
ramB[17] = 0x00020000
ramA[100+18] = 0xfffbffff
ramB[18] = 0x00040000
ramA[100+19] = 0xfff7ffff
ramB[19] = 0x00080000
ramA[100+20] = 0xffefffff
ramB[20] = 0x00100000
ramA[100+21] = 0xffdfffff
ramB[21] = 0x00200000
ramA[100+22] = 0xffbfffff
ramB[22] = 0x00400000
ramA[100+23] = 0xff7fffff
ramB[23] = 0x00800000
ramA[100+24] = 0xfeffffff
ramB[24] = 0x01000000
ramA[100+25] = 0xfdffffff
ramB[25] = 0x02000000
ramA[100+26] = 0xfbffffff
ramB[26] = 0x04000000
ramA[100+27] = 0xf7ffffff
ramB[27] = 0x08000000
ramA[100+28] = 0xefffffff
ramB[28] = 0x10000000
ramA[100+29] = 0xdfffffff
ramB[29] = 0x20000000
