Enqueued 0
Dequeued 0
Enqueued 2
Dequeued 2
Enqueued 4
Dequeued 4
Enqueued 6
Dequeued 6
Enqueued 8
Dequeued 8
Enqueued 10
Dequeued 10
Enqueued 12
Dequeued 12
Enqueued 14
Dequeued 14
Enqueued 16
Dequeued 16
Enqueued 18
Dequeued 18
Enqueued 20
Dequeued 20
Enqueued 22
Dequeued 22
Enqueued 24
Dequeued 24
Enqueued 26
Dequeued 26
Enqueued 28
Dequeued 28
Enqueued 30
Dequeued 30
Enqueued 32
Dequeued 32
Enqueued 34
Dequeued 34
Enqueued 36
Dequeued 36
Enqueued 38
Dequeued 38
Enqueued 40
Dequeued 40
Enqueued 42
Dequeued 42
Enqueued 44
Dequeued 44
Enqueued 46
Dequeued 46
Enqueued 48
Dequeued 48
Enqueued 50
Dequeued 50
Enqueued 52
Dequeued 52
Enqueued 54
Dequeued 54
Enqueued 56
Dequeued 56
Enqueued 58
Dequeued 58
Enqueued 60
Dequeued 60
Enqueued 62
Dequeued 62
Enqueued 64
Dequeued 64
Enqueued 66
Dequeued 66
Enqueued 68
Dequeued 68
Enqueued 70
Dequeued 70
Enqueued 72
Dequeued 72
Enqueued 74
Dequeued 74
Enqueued 76
Dequeued 76
Enqueued 78
Dequeued 78
Enqueued 80
Dequeued 80
Enqueued 82
Dequeued 82
Enqueued 84
Dequeued 84
Enqueued 86
Dequeued 86
Enqueued 88
Dequeued 88
Enqueued 90
Dequeued 90
Enqueued 92
Dequeued 92
Enqueued 94
Dequeued 94
Enqueued 96
Dequeued 96
Enqueued 98
Dequeued 98
Enqueued 100
