ram[0] = 0
ram[1] = 1
ram[2] = 2
ram[3] = 3
ram[4] = 4
ram[5] = 5
ram[6] = 6
ram[7] = 7
ram[8] = 8
ram[9] = 9
ram[10] = 10
ram[11] = 11
ram[12] = 12
ram[13] = 13
ram[14] = 14
ram[15] = 15
ram[16] = 16
ram[17] = 17
ram[18] = 18
ram[19] = 19
ram[20] = 20
ram[21] = 21
ram[22] = 22
ram[23] = 23
ram[24] = 24
ram[25] = 25
ram[26] = 26
ram[27] = 27
ram[28] = 28
ram[29] = 29
ram[30] = 30
ram[31] = 31
ram[32] = 32
ram[33] = 33
ram[34] = 34
ram[35] = 35
ram[36] = 36
ram[37] = 37
ram[38] = 38
ram[39] = 39
ram[40] = 40
ram[41] = 41
ram[42] = 42
ram[43] = 43
ram[44] = 44
ram[45] = 45
ram[46] = 46
ram[47] = 47
ram[48] = 48
ram[49] = 49
ram[50] = 50
ram[51] = 51
ram[52] = 52
ram[53] = 53
ram[54] = 54
ram[55] = 55
ram[56] = 56
ram[57] = 57
ram[58] = 58
ram[59] = 59
ram[60] = 60
ram[61] = 61
ram[62] = 62
ram[63] = 63
ram[64] = 64
ram[65] = 65
ram[66] = 66
ram[67] = 67
ram[68] = 68
ram[69] = 69
ram[70] = 70
ram[71] = 71
ram[72] = 72
ram[73] = 73
ram[74] = 74
ram[75] = 75
ram[76] = 76
ram[77] = 77
ram[78] = 78
ram[79] = 79
ram[80] = 80
ram[81] = 81
ram[82] = 82
ram[83] = 83
ram[84] = 84
ram[85] = 85
ram[86] = 86
ram[87] = 87
ram[88] = 88
ram[89] = 89
ram[90] = 90
ram[91] = 91
ram[92] = 92
ram[93] = 93
ram[94] = 94
ram[95] = 95
ram[96] = 96
ram[97] = 97
ram[98] = 98
ram[99] = 99
ram[100] = 100
ram[101] = 101
ram[102] = 102
ram[103] = 103
ram[104] = 104
ram[105] = 105
ram[106] = 106
ram[107] = 107
ram[108] = 108
ram[109] = 109
ram[110] = 110
ram[111] = 111
ram[112] = 112
ram[113] = 113
ram[114] = 114
ram[115] = 115
ram[116] = 116
ram[117] = 117
ram[118] = 118
ram[119] = 119
ram[120] = 120
ram[121] = 121
ram[122] = 122
ram[123] = 123
ram[124] = 124
ram[125] = 125
ram[126] = 126
ram[127] = 127
ram[128] = 128
ram[129] = 129
ram[130] = 130
ram[131] = 131
ram[132] = 132
ram[133] = 133
ram[134] = 134
ram[135] = 135
ram[136] = 136
ram[137] = 137
ram[138] = 138
ram[139] = 139
ram[140] = 140
ram[141] = 141
ram[142] = 142
ram[143] = 143
ram[144] = 144
ram[145] = 145
ram[146] = 146
ram[147] = 147
ram[148] = 148
ram[149] = 149
ram[150] = 150
ram[151] = 151
ram[152] = 152
ram[153] = 153
ram[154] = 154
ram[155] = 155
ram[156] = 156
ram[157] = 157
ram[158] = 158
ram[159] = 159
ram[160] = 160
ram[161] = 161
ram[162] = 162
ram[163] = 163
ram[164] = 164
ram[165] = 165
ram[166] = 166
ram[167] = 167
ram[168] = 168
ram[169] = 169
ram[170] = 170
ram[171] = 171
ram[172] = 172
ram[173] = 173
ram[174] = 174
ram[175] = 175
ram[176] = 176
ram[177] = 177
ram[178] = 178
ram[179] = 179
ram[180] = 180
ram[181] = 181
ram[182] = 182
ram[183] = 183
ram[184] = 184
ram[185] = 185
ram[186] = 186
ram[187] = 187
ram[188] = 188
ram[189] = 189
ram[190] = 190
ram[191] = 191
ram[192] = 192
ram[193] = 193
ram[194] = 194
ram[195] = 195
ram[196] = 196
ram[197] = 197
ram[198] = 198
ram[199] = 199
ram[200] = 200
ram[201] = 201
ram[202] = 202
ram[203] = 203
ram[204] = 204
ram[205] = 205
ram[206] = 206
ram[207] = 207
ram[208] = 208
ram[209] = 209
ram[210] = 210
ram[211] = 211
ram[212] = 212
ram[213] = 213
ram[214] = 214
ram[215] = 215
ram[216] = 216
ram[217] = 217
ram[218] = 218
ram[219] = 219
ram[220] = 220
ram[221] = 221
ram[222] = 222
ram[223] = 223
ram[224] = 224
ram[225] = 225
ram[226] = 226
ram[227] = 227
ram[228] = 228
ram[229] = 229
ram[230] = 230
ram[231] = 231
ram[232] = 232
ram[233] = 233
ram[234] = 234
ram[235] = 235
ram[236] = 236
ram[237] = 237
ram[238] = 238
ram[239] = 239
ram[240] = 240
ram[241] = 241
ram[242] = 242
ram[243] = 243
ram[244] = 244
ram[245] = 245
ram[246] = 246
ram[247] = 247
ram[248] = 248
ram[249] = 249
ram[250] = 250
ram[251] = 251
ram[252] = 252
ram[253] = 253
ram[254] = 254
ram[255] = 255
ram[256] = 0
ram[257] = 1
ram[258] = 2
ram[259] = 3
ram[260] = 4
ram[261] = 5
ram[262] = 6
ram[263] = 7
ram[264] = 8
ram[265] = 9
ram[266] = 10
ram[267] = 11
ram[268] = 12
ram[269] = 13
ram[270] = 14
ram[271] = 15
ram[272] = 16
ram[273] = 17
ram[274] = 18
ram[275] = 19
ram[276] = 20
ram[277] = 21
ram[278] = 22
ram[279] = 23
ram[280] = 24
ram[281] = 25
ram[282] = 26
ram[283] = 27
ram[284] = 28
ram[285] = 29
ram[286] = 30
ram[287] = 31
ram[288] = 32
ram[289] = 33
ram[290] = 34
ram[291] = 35
ram[292] = 36
ram[293] = 37
ram[294] = 38
ram[295] = 39
ram[296] = 40
ram[297] = 41
ram[298] = 42
ram[299] = 43
ram[300] = 44
ram[301] = 45
ram[302] = 46
ram[303] = 47
ram[304] = 48
ram[305] = 49
ram[306] = 50
ram[307] = 51
ram[308] = 52
ram[309] = 53
ram[310] = 54
ram[311] = 55
ram[312] = 56
ram[313] = 57
ram[314] = 58
ram[315] = 59
ram[316] = 60
ram[317] = 61
ram[318] = 62
ram[319] = 63
ram[320] = 64
ram[321] = 65
ram[322] = 66
ram[323] = 67
ram[324] = 68
ram[325] = 69
ram[326] = 70
ram[327] = 71
ram[328] = 72
ram[329] = 73
ram[330] = 74
ram[331] = 75
ram[332] = 76
ram[333] = 77
ram[334] = 78
ram[335] = 79
ram[336] = 80
ram[337] = 81
ram[338] = 82
ram[339] = 83
ram[340] = 84
ram[341] = 85
ram[342] = 86
ram[343] = 87
ram[344] = 88
ram[345] = 89
ram[346] = 90
ram[347] = 91
ram[348] = 92
ram[349] = 93
ram[350] = 94
ram[351] = 95
ram[352] = 96
ram[353] = 97
ram[354] = 98
ram[355] = 99
ram[356] = 100
ram[357] = 101
ram[358] = 102
ram[359] = 103
ram[360] = 104
ram[361] = 105
ram[362] = 106
ram[363] = 107
ram[364] = 108
ram[365] = 109
ram[366] = 110
ram[367] = 111
ram[368] = 112
ram[369] = 113
ram[370] = 114
ram[371] = 115
ram[372] = 116
ram[373] = 117
ram[374] = 118
ram[375] = 119
ram[376] = 120
ram[377] = 121
ram[378] = 122
ram[379] = 123
ram[380] = 124
ram[381] = 125
ram[382] = 126
ram[383] = 127
ram[384] = 128
ram[385] = 129
ram[386] = 130
ram[387] = 131
ram[388] = 132
ram[389] = 133
ram[390] = 134
ram[391] = 135
ram[392] = 136
ram[393] = 137
ram[394] = 138
ram[395] = 139
ram[396] = 140
ram[397] = 141
ram[398] = 142
ram[399] = 143
ram[400] = 144
ram[401] = 145
ram[402] = 146
ram[403] = 147
ram[404] = 148
ram[405] = 149
ram[406] = 150
ram[407] = 151
ram[408] = 152
ram[409] = 153
ram[410] = 154
ram[411] = 155
ram[412] = 156
ram[413] = 157
ram[414] = 158
ram[415] = 159
ram[416] = 160
ram[417] = 161
ram[418] = 162
ram[419] = 163
ram[420] = 164
ram[421] = 165
ram[422] = 166
ram[423] = 167
ram[424] = 168
ram[425] = 169
ram[426] = 170
ram[427] = 171
ram[428] = 172
ram[429] = 173
ram[430] = 174
ram[431] = 175
ram[432] = 176
ram[433] = 177
ram[434] = 178
ram[435] = 179
ram[436] = 180
ram[437] = 181
ram[438] = 182
ram[439] = 183
ram[440] = 184
ram[441] = 185
ram[442] = 186
ram[443] = 187
ram[444] = 188
ram[445] = 189
ram[446] = 190
ram[447] = 191
ram[448] = 192
ram[449] = 193
ram[450] = 194
ram[451] = 195
ram[452] = 196
ram[453] = 197
ram[454] = 198
ram[455] = 199
ram[456] = 200
ram[457] = 201
ram[458] = 202
ram[459] = 203
ram[460] = 204
ram[461] = 205
ram[462] = 206
ram[463] = 207
ram[464] = 208
ram[465] = 209
ram[466] = 210
ram[467] = 211
ram[468] = 212
ram[469] = 213
ram[470] = 214
ram[471] = 215
ram[472] = 216
ram[473] = 217
ram[474] = 218
ram[475] = 219
ram[476] = 220
ram[477] = 221
ram[478] = 222
ram[479] = 223
ram[480] = 224
ram[481] = 225
ram[482] = 226
ram[483] = 227
ram[484] = 228
ram[485] = 229
ram[486] = 230
ram[487] = 231
ram[488] = 232
ram[489] = 233
ram[490] = 234
ram[491] = 235
ram[492] = 236
ram[493] = 237
ram[494] = 238
ram[495] = 239
ram[496] = 240
ram[497] = 241
ram[498] = 242
ram[499] = 243
ram[500] = 244
ram[501] = 245
ram[502] = 246
ram[503] = 247
ram[504] = 248
ram[505] = 249
ram[506] = 250
ram[507] = 251
ram[508] = 252
ram[509] = 253
ram[510] = 254
ram[511] = 255
ram[512] = 0
ram[513] = 1
ram[514] = 2
ram[515] = 3
ram[516] = 4
ram[517] = 5
ram[518] = 6
ram[519] = 7
ram[520] = 8
ram[521] = 9
ram[522] = 10
ram[523] = 11
ram[524] = 12
ram[525] = 13
ram[526] = 14
ram[527] = 15
ram[528] = 16
ram[529] = 17
ram[530] = 18
ram[531] = 19
ram[532] = 20
ram[533] = 21
ram[534] = 22
ram[535] = 23
ram[536] = 24
ram[537] = 25
ram[538] = 26
ram[539] = 27
ram[540] = 28
ram[541] = 29
ram[542] = 30
ram[543] = 31
ram[544] = 32
ram[545] = 33
ram[546] = 34
ram[547] = 35
ram[548] = 36
ram[549] = 37
ram[550] = 38
ram[551] = 39
ram[552] = 40
ram[553] = 41
ram[554] = 42
ram[555] = 43
ram[556] = 44
ram[557] = 45
ram[558] = 46
ram[559] = 47
ram[560] = 48
ram[561] = 49
ram[562] = 50
ram[563] = 51
ram[564] = 52
ram[565] = 53
ram[566] = 54
ram[567] = 55
ram[568] = 56
ram[569] = 57
ram[570] = 58
ram[571] = 59
ram[572] = 60
ram[573] = 61
ram[574] = 62
ram[575] = 63
ram[576] = 64
ram[577] = 65
ram[578] = 66
ram[579] = 67
ram[580] = 68
ram[581] = 69
ram[582] = 70
ram[583] = 71
ram[584] = 72
ram[585] = 73
ram[586] = 74
ram[587] = 75
ram[588] = 76
ram[589] = 77
ram[590] = 78
ram[591] = 79
ram[592] = 80
ram[593] = 81
ram[594] = 82
ram[595] = 83
ram[596] = 84
ram[597] = 85
ram[598] = 86
ram[599] = 87
ram[600] = 88
ram[601] = 89
ram[602] = 90
ram[603] = 91
ram[604] = 92
ram[605] = 93
ram[606] = 94
ram[607] = 95
ram[608] = 96
ram[609] = 97
ram[610] = 98
ram[611] = 99
ram[612] = 100
ram[613] = 101
ram[614] = 102
ram[615] = 103
ram[616] = 104
ram[617] = 105
ram[618] = 106
ram[619] = 107
ram[620] = 108
ram[621] = 109
ram[622] = 110
ram[623] = 111
ram[624] = 112
ram[625] = 113
ram[626] = 114
ram[627] = 115
ram[628] = 116
ram[629] = 117
ram[630] = 118
ram[631] = 119
ram[632] = 120
ram[633] = 121
ram[634] = 122
ram[635] = 123
ram[636] = 124
ram[637] = 125
ram[638] = 126
ram[639] = 127
ram[640] = 128
ram[641] = 129
ram[642] = 130
ram[643] = 131
ram[644] = 132
ram[645] = 133
ram[646] = 134
ram[647] = 135
ram[648] = 136
ram[649] = 137
ram[650] = 138
ram[651] = 139
ram[652] = 140
ram[653] = 141
ram[654] = 142
ram[655] = 143
ram[656] = 144
ram[657] = 145
ram[658] = 146
ram[659] = 147
ram[660] = 148
ram[661] = 149
ram[662] = 150
ram[663] = 151
ram[664] = 152
ram[665] = 153
ram[666] = 154
ram[667] = 155
ram[668] = 156
ram[669] = 157
ram[670] = 158
ram[671] = 159
ram[672] = 160
ram[673] = 161
ram[674] = 162
ram[675] = 163
ram[676] = 164
ram[677] = 165
ram[678] = 166
ram[679] = 167
ram[680] = 168
ram[681] = 169
ram[682] = 170
ram[683] = 171
ram[684] = 172
ram[685] = 173
ram[686] = 174
ram[687] = 175
ram[688] = 176
ram[689] = 177
ram[690] = 178
ram[691] = 179
ram[692] = 180
ram[693] = 181
ram[694] = 182
ram[695] = 183
ram[696] = 184
ram[697] = 185
ram[698] = 186
ram[699] = 187
ram[700] = 188
ram[701] = 189
ram[702] = 190
ram[703] = 191
ram[704] = 192
ram[705] = 193
ram[706] = 194
ram[707] = 195
ram[708] = 196
ram[709] = 197
ram[710] = 198
ram[711] = 199
ram[712] = 200
ram[713] = 201
ram[714] = 202
ram[715] = 203
ram[716] = 204
ram[717] = 205
ram[718] = 206
ram[719] = 207
ram[720] = 208
ram[721] = 209
ram[722] = 210
ram[723] = 211
ram[724] = 212
ram[725] = 213
ram[726] = 214
ram[727] = 215
ram[728] = 216
ram[729] = 217
ram[730] = 218
ram[731] = 219
ram[732] = 220
ram[733] = 221
ram[734] = 222
ram[735] = 223
ram[736] = 224
ram[737] = 225
ram[738] = 226
ram[739] = 227
ram[740] = 228
ram[741] = 229
ram[742] = 230
ram[743] = 231
ram[744] = 232
ram[745] = 233
ram[746] = 234
ram[747] = 235
ram[748] = 236
ram[749] = 237
ram[750] = 238
ram[751] = 239
ram[752] = 240
ram[753] = 241
ram[754] = 242
ram[755] = 243
ram[756] = 244
ram[757] = 245
ram[758] = 246
ram[759] = 247
ram[760] = 248
ram[761] = 249
ram[762] = 250
ram[763] = 251
ram[764] = 252
ram[765] = 253
ram[766] = 254
ram[767] = 255
ram[768] = 0
ram[769] = 1
ram[770] = 2
ram[771] = 3
ram[772] = 4
ram[773] = 5
ram[774] = 6
ram[775] = 7
ram[776] = 8
ram[777] = 9
ram[778] = 10
ram[779] = 11
ram[780] = 12
ram[781] = 13
ram[782] = 14
ram[783] = 15
ram[784] = 16
ram[785] = 17
ram[786] = 18
ram[787] = 19
ram[788] = 20
ram[789] = 21
ram[790] = 22
ram[791] = 23
ram[792] = 24
ram[793] = 25
ram[794] = 26
ram[795] = 27
ram[796] = 28
ram[797] = 29
ram[798] = 30
ram[799] = 31
ram[800] = 32
ram[801] = 33
ram[802] = 34
ram[803] = 35
ram[804] = 36
ram[805] = 37
ram[806] = 38
ram[807] = 39
ram[808] = 40
ram[809] = 41
ram[810] = 42
ram[811] = 43
ram[812] = 44
ram[813] = 45
ram[814] = 46
ram[815] = 47
ram[816] = 48
ram[817] = 49
ram[818] = 50
ram[819] = 51
ram[820] = 52
ram[821] = 53
ram[822] = 54
ram[823] = 55
ram[824] = 56
ram[825] = 57
ram[826] = 58
ram[827] = 59
ram[828] = 60
ram[829] = 61
ram[830] = 62
ram[831] = 63
ram[832] = 64
ram[833] = 65
ram[834] = 66
ram[835] = 67
ram[836] = 68
ram[837] = 69
ram[838] = 70
ram[839] = 71
ram[840] = 72
ram[841] = 73
ram[842] = 74
ram[843] = 75
ram[844] = 76
ram[845] = 77
ram[846] = 78
ram[847] = 79
ram[848] = 80
ram[849] = 81
ram[850] = 82
ram[851] = 83
ram[852] = 84
ram[853] = 85
ram[854] = 86
ram[855] = 87
ram[856] = 88
ram[857] = 89
ram[858] = 90
ram[859] = 91
ram[860] = 92
ram[861] = 93
ram[862] = 94
ram[863] = 95
ram[864] = 96
ram[865] = 97
ram[866] = 98
ram[867] = 99
ram[868] = 100
ram[869] = 101
ram[870] = 102
ram[871] = 103
ram[872] = 104
ram[873] = 105
ram[874] = 106
ram[875] = 107
ram[876] = 108
ram[877] = 109
ram[878] = 110
ram[879] = 111
ram[880] = 112
ram[881] = 113
ram[882] = 114
ram[883] = 115
ram[884] = 116
ram[885] = 117
ram[886] = 118
ram[887] = 119
ram[888] = 120
ram[889] = 121
ram[890] = 122
ram[891] = 123
ram[892] = 124
ram[893] = 125
ram[894] = 126
ram[895] = 127
ram[896] = 128
ram[897] = 129
ram[898] = 130
ram[899] = 131
ram[900] = 132
ram[901] = 133
ram[902] = 134
ram[903] = 135
ram[904] = 136
ram[905] = 137
ram[906] = 138
ram[907] = 139
ram[908] = 140
ram[909] = 141
ram[910] = 142
ram[911] = 143
ram[912] = 144
ram[913] = 145
ram[914] = 146
ram[915] = 147
ram[916] = 148
ram[917] = 149
ram[918] = 150
ram[919] = 151
ram[920] = 152
ram[921] = 153
ram[922] = 154
ram[923] = 155
ram[924] = 156
ram[925] = 157
ram[926] = 158
ram[927] = 159
ram[928] = 160
ram[929] = 161
ram[930] = 162
ram[931] = 163
ram[932] = 164
ram[933] = 165
ram[934] = 166
ram[935] = 167
ram[936] = 168
ram[937] = 169
ram[938] = 170
ram[939] = 171
ram[940] = 172
ram[941] = 173
ram[942] = 174
ram[943] = 175
ram[944] = 176
ram[945] = 177
ram[946] = 178
ram[947] = 179
ram[948] = 180
ram[949] = 181
ram[950] = 182
ram[951] = 183
ram[952] = 184
ram[953] = 185
ram[954] = 186
ram[955] = 187
ram[956] = 188
ram[957] = 189
ram[958] = 190
ram[959] = 191
ram[960] = 192
ram[961] = 193
ram[962] = 194
ram[963] = 195
ram[964] = 196
ram[965] = 197
ram[966] = 198
ram[967] = 199
ram[968] = 200
ram[969] = 201
ram[970] = 202
ram[971] = 203
ram[972] = 204
ram[973] = 205
ram[974] = 206
ram[975] = 207
ram[976] = 208
ram[977] = 209
ram[978] = 210
ram[979] = 211
ram[980] = 212
ram[981] = 213
ram[982] = 214
ram[983] = 215
ram[984] = 216
ram[985] = 217
ram[986] = 218
ram[987] = 219
ram[988] = 220
ram[989] = 221
ram[990] = 222
ram[991] = 223
ram[992] = 224
ram[993] = 225
ram[994] = 226
ram[995] = 227
ram[996] = 228
ram[997] = 229
ram[998] = 230
ram[999] = 231
