(0,0): dest=(0,0) t=3
(0,0): dest=(0,0) t=5
(1,0): dest=(1,0) t=5
(0,0): dest=(0,0) t=7
(1,0): dest=(1,0) t=7
(2,0): dest=(2,0) t=8
(0,0): dest=(0,0) t=9
(1,0): dest=(1,0) t=10
(0,0): dest=(0,0) t=11
(3,0): dest=(3,0) t=11
(1,0): dest=(1,0) t=12
(2,0): dest=(2,0) t=12
(0,1): dest=(0,1) t=13
(2,0): dest=(2,0) t=14
(1,1): dest=(1,1) t=14
(0,0): dest=(0,0) t=15
(0,1): dest=(0,1) t=15
(1,0): dest=(1,0) t=16
(2,0): dest=(2,0) t=16
(3,0): dest=(3,0) t=17
(0,1): dest=(0,1) t=17
(2,1): dest=(2,1) t=17
(2,0): dest=(2,0) t=18
(1,1): dest=(1,1) t=18
(0,0): dest=(0,0) t=19
(3,0): dest=(3,0) t=19
(1,0): dest=(1,0) t=20
(1,1): dest=(1,1) t=20
(3,1): dest=(3,1) t=20
(0,0): dest=(0,0) t=21
(2,0): dest=(2,0) t=21
(3,0): dest=(3,0) t=21
(0,1): dest=(0,1) t=21
(2,1): dest=(2,1) t=21
(1,0): dest=(1,0) t=22
(0,2): dest=(0,2) t=22
(3,0): dest=(3,0) t=23
(0,1): dest=(0,1) t=23
(1,2): dest=(1,2) t=23
(0,0): dest=(0,0) t=24
(1,0): dest=(1,0) t=24
(1,1): dest=(1,1) t=24
(3,1): dest=(3,1) t=24
(2,0): dest=(2,0) t=25
(3,0): dest=(3,0) t=25
(2,1): dest=(2,1) t=25
(1,0): dest=(1,0) t=26
(1,1): dest=(1,1) t=26
(0,2): dest=(0,2) t=26
(2,0): dest=(2,0) t=27
(2,1): dest=(2,1) t=27
(1,2): dest=(1,2) t=27
(3,0): dest=(3,0) t=28
(0,1): dest=(0,1) t=28
(3,1): dest=(3,1) t=28
(0,2): dest=(0,2) t=28
(0,0): dest=(0,0) t=29
(2,0): dest=(2,0) t=29
(1,1): dest=(1,1) t=29
(2,1): dest=(2,1) t=29
(1,0): dest=(1,0) t=30
(3,0): dest=(3,0) t=30
(0,1): dest=(0,1) t=30
(3,1): dest=(3,1) t=30
(2,2): dest=(2,2) t=30
(0,0): dest=(0,0) t=31
(2,0): dest=(2,0) t=31
(1,2): dest=(1,2) t=31
(3,0): dest=(3,0) t=32
(0,1): dest=(0,1) t=32
(1,1): dest=(1,1) t=32
(3,1): dest=(3,1) t=32
(0,2): dest=(0,2) t=32
(2,1): dest=(2,1) t=33
(1,2): dest=(1,2) t=33
(3,2): dest=(3,2) t=33
(1,0): dest=(1,0) t=34
(3,0): dest=(3,0) t=34
(0,1): dest=(0,1) t=34
(2,2): dest=(2,2) t=34
(1,1): dest=(1,1) t=35
(0,3): dest=(0,3) t=35
(2,1): dest=(2,1) t=36
(3,1): dest=(3,1) t=36
(0,2): dest=(0,2) t=36
(2,2): dest=(2,2) t=36
(1,3): dest=(1,3) t=36
(0,0): dest=(0,0) t=37
(2,0): dest=(2,0) t=37
(1,1): dest=(1,1) t=37
(1,2): dest=(1,2) t=37
(3,2): dest=(3,2) t=37
(0,3): dest=(0,3) t=37
(1,0): dest=(1,0) t=38
(0,1): dest=(0,1) t=38
(2,1): dest=(2,1) t=38
(0,0): dest=(0,0) t=39
(2,0): dest=(2,0) t=39
(3,1): dest=(3,1) t=39
(3,2): dest=(3,2) t=39
(2,3): dest=(2,3) t=39
(1,0): dest=(1,0) t=40
(3,0): dest=(3,0) t=40
(0,1): dest=(0,1) t=40
(0,2): dest=(0,2) t=40
(2,2): dest=(2,2) t=40
(1,3): dest=(1,3) t=40
(1,1): dest=(1,1) t=41
(3,1): dest=(3,1) t=41
(0,3): dest=(0,3) t=41
(3,0): dest=(3,0) t=42
(2,1): dest=(2,1) t=42
(0,2): dest=(0,2) t=42
(1,2): dest=(1,2) t=42
(1,3): dest=(1,3) t=42
(3,3): dest=(3,3) t=42
(0,0): dest=(0,0) t=43
(1,1): dest=(1,1) t=43
(3,1): dest=(3,1) t=43
(2,2): dest=(2,2) t=43
(3,2): dest=(3,2) t=43
(2,3): dest=(2,3) t=43
(1,0): dest=(1,0) t=44
(1,2): dest=(1,2) t=44
(0,0): dest=(0,0) t=45
(2,2): dest=(2,2) t=45
(0,3): dest=(0,3) t=45
(1,0): dest=(1,0) t=46
(0,1): dest=(0,1) t=46
(2,1): dest=(2,1) t=46
(3,2): dest=(3,2) t=46
(1,3): dest=(1,3) t=46
(3,3): dest=(3,3) t=46
(2,0): dest=(2,0) t=47
(1,1): dest=(1,1) t=47
(0,2): dest=(0,2) t=47
(2,1): dest=(2,1) t=48
(3,2): dest=(3,2) t=48
(0,0): dest=(0,0) t=49
(3,1): dest=(3,1) t=49
(0,2): dest=(0,2) t=49
(1,2): dest=(1,2) t=49
(2,2): dest=(2,2) t=49
(2,3): dest=(2,3) t=49
(1,0): dest=(1,0) t=50
(3,0): dest=(3,0) t=50
(0,1): dest=(0,1) t=50
(2,1): dest=(2,1) t=50
(0,3): dest=(0,3) t=50
(0,0): dest=(0,0) t=51
(2,0): dest=(2,0) t=51
(1,1): dest=(1,1) t=51
(3,1): dest=(3,1) t=51
(1,2): dest=(1,2) t=51
(2,2): dest=(2,2) t=51
(1,3): dest=(1,3) t=51
(1,0): dest=(1,0) t=52
(0,2): dest=(0,2) t=52
(2,3): dest=(2,3) t=52
(3,3): dest=(3,3) t=52
(2,0): dest=(2,0) t=53
(3,1): dest=(3,1) t=53
(0,3): dest=(0,3) t=53
(3,0): dest=(3,0) t=54
(2,1): dest=(2,1) t=54
(0,2): dest=(0,2) t=54
(2,2): dest=(2,2) t=54
(3,2): dest=(3,2) t=54
(1,3): dest=(1,3) t=54
(0,0): dest=(0,0) t=55
(2,0): dest=(2,0) t=55
(1,2): dest=(1,2) t=55
(3,3): dest=(3,3) t=55
(1,0): dest=(1,0) t=56
(3,0): dest=(3,0) t=56
(0,1): dest=(0,1) t=56
(2,2): dest=(2,2) t=56
(0,0): dest=(0,0) t=57
(2,0): dest=(2,0) t=57
(1,1): dest=(1,1) t=57
(3,1): dest=(3,1) t=57
(3,2): dest=(3,2) t=57
(0,3): dest=(0,3) t=57
(2,3): dest=(2,3) t=57
(1,0): dest=(1,0) t=58
(3,0): dest=(3,0) t=58
(0,1): dest=(0,1) t=58
(2,1): dest=(2,1) t=58
(0,0): dest=(0,0) t=59
(2,0): dest=(2,0) t=59
(1,1): dest=(1,1) t=59
(1,2): dest=(1,2) t=59
(3,2): dest=(3,2) t=59
(0,3): dest=(0,3) t=59
(1,3): dest=(1,3) t=59
(1,0): dest=(1,0) t=60
(0,2): dest=(0,2) t=60
(2,2): dest=(2,2) t=60
(2,3): dest=(2,3) t=60
(3,3): dest=(3,3) t=60
(0,0): dest=(0,0) t=61
(2,0): dest=(2,0) t=61
(3,1): dest=(3,1) t=61
(1,2): dest=(1,2) t=61
(3,2): dest=(3,2) t=61
(1,3): dest=(1,3) t=61
(0,1): dest=(0,1) t=62
(2,1): dest=(2,1) t=62
(0,0): dest=(0,0) t=63
(2,0): dest=(2,0) t=63
(1,1): dest=(1,1) t=63
(0,2): dest=(0,2) t=63
(3,2): dest=(3,2) t=63
(0,3): dest=(0,3) t=63
(3,3): dest=(3,3) t=63
(1,0): dest=(1,0) t=64
(0,1): dest=(0,1) t=64
(2,1): dest=(2,1) t=64
(2,2): dest=(2,2) t=64
(1,3): dest=(1,3) t=64
(2,3): dest=(2,3) t=64
(2,0): dest=(2,0) t=65
(1,1): dest=(1,1) t=65
(3,1): dest=(3,1) t=65
(0,2): dest=(0,2) t=65
(1,0): dest=(1,0) t=66
(3,0): dest=(3,0) t=66
(1,2): dest=(1,2) t=66
(0,3): dest=(0,3) t=66
(2,3): dest=(2,3) t=66
(3,3): dest=(3,3) t=66
(0,0): dest=(0,0) t=67
(2,0): dest=(2,0) t=67
(3,1): dest=(3,1) t=67
(2,2): dest=(2,2) t=67
(3,2): dest=(3,2) t=67
(3,0): dest=(3,0) t=68
(0,1): dest=(0,1) t=68
(2,1): dest=(2,1) t=68
(1,2): dest=(1,2) t=68
(3,3): dest=(3,3) t=68
(1,1): dest=(1,1) t=69
(0,2): dest=(0,2) t=69
(0,3): dest=(0,3) t=69
(1,3): dest=(1,3) t=69
(3,0): dest=(3,0) t=70
(1,2): dest=(1,2) t=70
(3,2): dest=(3,2) t=70
(3,1): dest=(3,1) t=71
(0,2): dest=(0,2) t=71
(2,2): dest=(2,2) t=71
(0,3): dest=(0,3) t=71
(1,3): dest=(1,3) t=71
(0,0): dest=(0,0) t=72
(3,0): dest=(3,0) t=72
(0,1): dest=(0,1) t=72
(2,1): dest=(2,1) t=72
(1,2): dest=(1,2) t=72
(3,2): dest=(3,2) t=72
(2,3): dest=(2,3) t=72
(1,0): dest=(1,0) t=73
(1,1): dest=(1,1) t=73
(2,2): dest=(2,2) t=73
(0,3): dest=(0,3) t=73
(1,3): dest=(1,3) t=73
(2,0): dest=(2,0) t=74
(3,0): dest=(3,0) t=74
(0,1): dest=(0,1) t=74
(2,3): dest=(2,3) t=74
(3,3): dest=(3,3) t=74
(0,0): dest=(0,0) t=75
(1,0): dest=(1,0) t=75
(1,1): dest=(1,1) t=75
(3,1): dest=(3,1) t=75
(2,2): dest=(2,2) t=75
(2,1): dest=(2,1) t=76
(0,3): dest=(0,3) t=76
(2,3): dest=(2,3) t=76
(0,0): dest=(0,0) t=77
(0,2): dest=(0,2) t=77
(1,3): dest=(1,3) t=77
(1,0): dest=(1,0) t=78
(0,1): dest=(0,1) t=78
(2,1): dest=(2,1) t=78
(1,2): dest=(1,2) t=78
(3,2): dest=(3,2) t=78
(2,3): dest=(2,3) t=78
(0,0): dest=(0,0) t=79
(1,1): dest=(1,1) t=79
(3,1): dest=(3,1) t=79
(0,2): dest=(0,2) t=79
(3,3): dest=(3,3) t=79
(1,0): dest=(1,0) t=80
(2,1): dest=(2,1) t=80
(1,2): dest=(1,2) t=80
(3,2): dest=(3,2) t=80
(0,3): dest=(0,3) t=80
(0,0): dest=(0,0) t=81
(2,0): dest=(2,0) t=81
(3,1): dest=(3,1) t=81
(0,2): dest=(0,2) t=81
(2,2): dest=(2,2) t=81
(1,3): dest=(1,3) t=81
(3,3): dest=(3,3) t=81
(0,3): dest=(0,3) t=82
(0,0): dest=(0,0) t=83
(3,1): dest=(3,1) t=83
(0,2): dest=(0,2) t=83
(2,2): dest=(2,2) t=83
(1,3): dest=(1,3) t=83
(3,3): dest=(3,3) t=83
(1,0): dest=(1,0) t=84
(3,0): dest=(3,0) t=84
(0,1): dest=(0,1) t=84
(1,2): dest=(1,2) t=84
(2,3): dest=(2,3) t=84
(2,0): dest=(2,0) t=85
(1,1): dest=(1,1) t=85
(2,2): dest=(2,2) t=85
(1,3): dest=(1,3) t=85
(3,3): dest=(3,3) t=85
(1,0): dest=(1,0) t=86
(3,2): dest=(3,2) t=86
(0,3): dest=(0,3) t=86
(2,3): dest=(2,3) t=86
(2,0): dest=(2,0) t=87
(0,2): dest=(0,2) t=87
(1,3): dest=(1,3) t=87
(3,0): dest=(3,0) t=88
(0,1): dest=(0,1) t=88
(2,1): dest=(2,1) t=88
(1,2): dest=(1,2) t=88
(3,2): dest=(3,2) t=88
(0,0): dest=(0,0) t=89
(2,0): dest=(2,0) t=89
(2,2): dest=(2,2) t=89
(3,3): dest=(3,3) t=89
(1,0): dest=(1,0) t=90
(3,0): dest=(3,0) t=90
(0,1): dest=(0,1) t=90
(1,2): dest=(1,2) t=90
(3,2): dest=(3,2) t=90
(0,3): dest=(0,3) t=90
(2,3): dest=(2,3) t=90
(1,1): dest=(1,1) t=91
(3,1): dest=(3,1) t=91
(2,2): dest=(2,2) t=91
(1,3): dest=(1,3) t=91
(1,0): dest=(1,0) t=92
(3,0): dest=(3,0) t=92
(2,1): dest=(2,1) t=92
(3,2): dest=(3,2) t=92
(0,3): dest=(0,3) t=92
(1,1): dest=(1,1) t=93
(0,2): dest=(0,2) t=93
(1,3): dest=(1,3) t=93
(3,3): dest=(3,3) t=93
(3,0): dest=(3,0) t=94
(0,1): dest=(0,1) t=94
(1,2): dest=(1,2) t=94
(3,2): dest=(3,2) t=94
(2,3): dest=(2,3) t=94
(1,1): dest=(1,1) t=95
(3,1): dest=(3,1) t=95
(3,0): dest=(3,0) t=96
(0,1): dest=(0,1) t=96
(2,1): dest=(2,1) t=96
(2,3): dest=(2,3) t=96
(2,0): dest=(2,0) t=97
(2,2): dest=(2,2) t=97
(3,3): dest=(3,3) t=97
(0,1): dest=(0,1) t=98
(2,1): dest=(2,1) t=98
(0,3): dest=(0,3) t=98
(1,1): dest=(1,1) t=99
(3,3): dest=(3,3) t=99
(3,0): dest=(3,0) t=100
(0,1): dest=(0,1) t=100
(2,1): dest=(2,1) t=100
(3,2): dest=(3,2) t=100
(0,3): dest=(0,3) t=100
(2,3): dest=(2,3) t=100
