0x00000003: rf[0x0] := 0x00
0x00000004: rf[0x1] := 0x01
0x00000005: rf[0x0] := 0x01
0x00000006: rf[0x0] := 0x02
0x00000007: rf[0x0] := 0x03
0x00000008: rf[0x0] := 0x04
0x0000000c: rf[0x0] := 0x05
0x0000000d: rf[0x0] := 0x06
0x0000000e: rf[0x0] := 0x07
0x0000000f: rf[0x0] := 0x08
0x00000013: rf[0x0] := 0x09
0x00000014: rf[0x0] := 0x0a
0x00000015: rf[0x0] := 0x0b
0x00000016: rf[0x0] := 0x0c
0x0000001a: rf[0x0] := 0x0d
0x0000001b: rf[0x0] := 0x0e
0x0000001c: rf[0x0] := 0x0f
0x0000001d: rf[0x0] := 0x10
0x00000021: rf[0x0] := 0x11
0x00000022: rf[0x0] := 0x12
0x00000023: rf[0x0] := 0x13
0x00000024: rf[0x0] := 0x14
0x00000028: rf[0x0] := 0x15
0x00000029: rf[0x0] := 0x16
0x0000002a: rf[0x0] := 0x17
0x0000002b: rf[0x0] := 0x18
0x0000002f: rf[0x0] := 0x19
0x00000030: rf[0x0] := 0x1a
0x00000031: rf[0x0] := 0x1b
0x00000032: rf[0x0] := 0x1c
0x00000036: rf[0x0] := 0x1d
0x00000037: rf[0x0] := 0x1e
0x00000038: rf[0x0] := 0x1f
0x00000039: rf[0x0] := 0x20
0x0000003d: rf[0x0] := 0x21
0x0000003e: rf[0x0] := 0x22
0x0000003f: rf[0x0] := 0x23
0x00000040: rf[0x0] := 0x24
0x00000044: rf[0x0] := 0x25
0x00000045: rf[0x0] := 0x26
0x00000046: rf[0x0] := 0x27
0x00000047: rf[0x0] := 0x28
0x0000004b: rf[0x0] := 0x29
0x0000004c: rf[0x0] := 0x2a
0x0000004d: rf[0x0] := 0x2b
0x0000004e: rf[0x0] := 0x2c
0x00000052: rf[0x0] := 0x2d
0x00000053: rf[0x0] := 0x2e
0x00000054: rf[0x0] := 0x2f
0x00000055: rf[0x0] := 0x30
0x00000059: rf[0x0] := 0x31
0x0000005a: rf[0x0] := 0x32
0x0000005b: rf[0x0] := 0x33
0x0000005c: rf[0x0] := 0x34
0x00000060: rf[0x0] := 0x35
0x00000061: rf[0x0] := 0x36
0x00000062: rf[0x0] := 0x37
0x00000063: rf[0x0] := 0x38
0x00000067: rf[0x0] := 0x39
0x00000068: rf[0x0] := 0x3a
0x00000069: rf[0x0] := 0x3b
0x0000006a: rf[0x0] := 0x3c
0x0000006e: rf[0x0] := 0x3d
0x0000006f: rf[0x0] := 0x3e
0x00000070: rf[0x0] := 0x3f
0x00000071: rf[0x0] := 0x40
0x00000075: rf[0x0] := 0x41
0x00000076: rf[0x0] := 0x42
0x00000077: rf[0x0] := 0x43
0x00000078: rf[0x0] := 0x44
0x0000007c: rf[0x0] := 0x45
0x0000007d: rf[0x0] := 0x46
0x0000007e: rf[0x0] := 0x47
0x0000007f: rf[0x0] := 0x48
0x00000083: rf[0x0] := 0x49
0x00000084: rf[0x0] := 0x4a
0x00000085: rf[0x0] := 0x4b
0x00000086: rf[0x0] := 0x4c
0x0000008a: rf[0x0] := 0x4d
0x0000008b: rf[0x0] := 0x4e
0x0000008c: rf[0x0] := 0x4f
0x0000008d: rf[0x0] := 0x50
0x00000091: rf[0x0] := 0x51
0x00000092: rf[0x0] := 0x52
0x00000093: rf[0x0] := 0x53
0x00000094: rf[0x0] := 0x54
0x00000098: rf[0x0] := 0x55
0x00000099: rf[0x0] := 0x56
0x0000009a: rf[0x0] := 0x57
0x0000009b: rf[0x0] := 0x58
0x0000009f: rf[0x0] := 0x59
0x000000a0: rf[0x0] := 0x5a
0x000000a1: rf[0x0] := 0x5b
0x000000a2: rf[0x0] := 0x5c
0x000000a6: rf[0x0] := 0x5d
0x000000a7: rf[0x0] := 0x5e
0x000000a8: rf[0x0] := 0x5f
0x000000a9: rf[0x0] := 0x60
0x000000ad: rf[0x0] := 0x61
0x000000ae: rf[0x0] := 0x62
0x000000af: rf[0x0] := 0x63
0x000000b0: rf[0x0] := 0x64
0x000000b4: rf[0x0] := 0x65
0x000000b5: rf[0x0] := 0x66
0x000000b6: rf[0x0] := 0x67
0x000000b7: rf[0x0] := 0x68
0x000000bb: rf[0x0] := 0x69
0x000000bc: rf[0x0] := 0x6a
0x000000bd: rf[0x0] := 0x6b
0x000000be: rf[0x0] := 0x6c
0x000000c2: rf[0x0] := 0x6d
0x000000c3: rf[0x0] := 0x6e
0x000000c4: rf[0x0] := 0x6f
0x000000c5: rf[0x0] := 0x70
0x000000c9: rf[0x0] := 0x71
0x000000ca: rf[0x0] := 0x72
0x000000cb: rf[0x0] := 0x73
0x000000cc: rf[0x0] := 0x74
0x000000d0: rf[0x0] := 0x75
0x000000d1: rf[0x0] := 0x76
0x000000d2: rf[0x0] := 0x77
0x000000d3: rf[0x0] := 0x78
0x000000d7: rf[0x0] := 0x79
0x000000d8: rf[0x0] := 0x7a
0x000000d9: rf[0x0] := 0x7b
0x000000da: rf[0x0] := 0x7c
0x000000de: rf[0x0] := 0x7d
0x000000df: rf[0x0] := 0x7e
0x000000e0: rf[0x0] := 0x7f
0x000000e1: rf[0x0] := 0x80
0x000000e5: rf[0x0] := 0x81
0x000000e6: rf[0x0] := 0x82
0x000000e7: rf[0x0] := 0x83
0x000000e8: rf[0x0] := 0x84
0x000000ec: rf[0x0] := 0x85
0x000000ed: rf[0x0] := 0x86
0x000000ee: rf[0x0] := 0x87
0x000000ef: rf[0x0] := 0x88
0x000000f3: rf[0x0] := 0x89
0x000000f4: rf[0x0] := 0x8a
0x000000f5: rf[0x0] := 0x8b
0x000000f6: rf[0x0] := 0x8c
0x000000fa: rf[0x0] := 0x8d
0x000000fb: rf[0x0] := 0x8e
0x000000fc: rf[0x0] := 0x8f
0x000000fd: rf[0x0] := 0x90
0x00000101: rf[0x0] := 0x91
0x00000102: rf[0x0] := 0x92
0x00000103: rf[0x0] := 0x93
0x00000104: rf[0x0] := 0x94
0x00000108: rf[0x0] := 0x95
0x00000109: rf[0x0] := 0x96
0x0000010a: rf[0x0] := 0x97
0x0000010b: rf[0x0] := 0x98
0x0000010f: rf[0x0] := 0x99
0x00000110: rf[0x0] := 0x9a
0x00000111: rf[0x0] := 0x9b
0x00000112: rf[0x0] := 0x9c
0x00000116: rf[0x0] := 0x9d
0x00000117: rf[0x0] := 0x9e
0x00000118: rf[0x0] := 0x9f
0x00000119: rf[0x0] := 0xa0
0x0000011d: rf[0x0] := 0xa1
0x0000011e: rf[0x0] := 0xa2
0x0000011f: rf[0x0] := 0xa3
0x00000120: rf[0x0] := 0xa4
0x00000124: rf[0x0] := 0xa5
0x00000125: rf[0x0] := 0xa6
0x00000126: rf[0x0] := 0xa7
0x00000127: rf[0x0] := 0xa8
0x0000012b: rf[0x0] := 0xa9
0x0000012c: rf[0x0] := 0xaa
0x0000012d: rf[0x0] := 0xab
0x0000012e: rf[0x0] := 0xac
0x00000132: rf[0x0] := 0xad
0x00000133: rf[0x0] := 0xae
0x00000134: rf[0x0] := 0xaf
0x00000135: rf[0x0] := 0xb0
0x00000139: rf[0x0] := 0xb1
0x0000013a: rf[0x0] := 0xb2
0x0000013b: rf[0x0] := 0xb3
0x0000013c: rf[0x0] := 0xb4
0x00000140: rf[0x0] := 0xb5
0x00000141: rf[0x0] := 0xb6
0x00000142: rf[0x0] := 0xb7
0x00000143: rf[0x0] := 0xb8
0x00000147: rf[0x0] := 0xb9
0x00000148: rf[0x0] := 0xba
0x00000149: rf[0x0] := 0xbb
0x0000014a: rf[0x0] := 0xbc
0x0000014e: rf[0x0] := 0xbd
0x0000014f: rf[0x0] := 0xbe
0x00000150: rf[0x0] := 0xbf
0x00000151: rf[0x0] := 0xc0
0x00000155: rf[0x0] := 0xc1
0x00000156: rf[0x0] := 0xc2
0x00000157: rf[0x0] := 0xc3
0x00000158: rf[0x0] := 0xc4
0x0000015c: rf[0x0] := 0xc5
0x0000015d: rf[0x0] := 0xc6
0x0000015e: rf[0x0] := 0xc7
0x0000015f: rf[0x0] := 0xc8
0x00000163: rf[0x0] := 0xc9
0x00000164: rf[0x0] := 0xca
0x00000165: rf[0x0] := 0xcb
0x00000166: rf[0x0] := 0xcc
0x0000016a: rf[0x0] := 0xcd
0x0000016b: rf[0x0] := 0xce
0x0000016c: rf[0x0] := 0xcf
0x0000016d: rf[0x0] := 0xd0
0x00000171: rf[0x0] := 0xd1
0x00000172: rf[0x0] := 0xd2
0x00000173: rf[0x0] := 0xd3
0x00000174: rf[0x0] := 0xd4
0x00000178: rf[0x0] := 0xd5
0x00000179: rf[0x0] := 0xd6
0x0000017a: rf[0x0] := 0xd7
0x0000017b: rf[0x0] := 0xd8
0x0000017f: rf[0x0] := 0xd9
0x00000180: rf[0x0] := 0xda
0x00000181: rf[0x0] := 0xdb
0x00000182: rf[0x0] := 0xdc
0x00000186: rf[0x0] := 0xdd
0x00000187: rf[0x0] := 0xde
0x00000188: rf[0x0] := 0xdf
0x00000189: rf[0x0] := 0xe0
0x0000018d: rf[0x0] := 0xe1
0x0000018e: rf[0x0] := 0xe2
0x0000018f: rf[0x0] := 0xe3
0x00000190: rf[0x0] := 0xe4
0x00000194: rf[0x0] := 0xe5
0x00000195: rf[0x0] := 0xe6
0x00000196: rf[0x0] := 0xe7
0x00000197: rf[0x0] := 0xe8
0x0000019b: rf[0x0] := 0xe9
0x0000019c: rf[0x0] := 0xea
0x0000019d: rf[0x0] := 0xeb
0x0000019e: rf[0x0] := 0xec
0x000001a2: rf[0x0] := 0xed
0x000001a3: rf[0x0] := 0xee
0x000001a4: rf[0x0] := 0xef
0x000001a5: rf[0x0] := 0xf0
0x000001a9: rf[0x0] := 0xf1
0x000001aa: rf[0x0] := 0xf2
0x000001ab: rf[0x0] := 0xf3
0x000001ac: rf[0x0] := 0xf4
0x000001b0: rf[0x0] := 0xf5
0x000001b1: rf[0x0] := 0xf6
0x000001b2: rf[0x0] := 0xf7
0x000001b3: rf[0x0] := 0xf8
0x000001b7: rf[0x0] := 0xf9
0x000001b8: rf[0x0] := 0xfa
0x000001b9: rf[0x0] := 0xfb
0x000001ba: rf[0x0] := 0xfc
0x000001be: rf[0x0] := 0xfd
0x000001bf: rf[0x0] := 0xfe
0x000001c0: rf[0x0] := 0xff
0x000001c1: rf[0x0] := 0x00
