rf[0] := 0x00
rf[1] := 0x01
rf[0] := 0x01
rf[0] := 0x02
rf[0] := 0x03
rf[0] := 0x04
rf[0] := 0x05
rf[0] := 0x06
rf[0] := 0x07
rf[0] := 0x08
rf[0] := 0x09
rf[0] := 0x0a
rf[0] := 0x0b
rf[0] := 0x0c
rf[0] := 0x0d
rf[0] := 0x0e
rf[0] := 0x0f
rf[0] := 0x10
rf[0] := 0x11
rf[0] := 0x12
rf[0] := 0x13
rf[0] := 0x14
rf[0] := 0x15
rf[0] := 0x16
rf[0] := 0x17
rf[0] := 0x18
rf[0] := 0x19
rf[0] := 0x1a
rf[0] := 0x1b
rf[0] := 0x1c
rf[0] := 0x1d
rf[0] := 0x1e
rf[0] := 0x1f
rf[0] := 0x20
rf[0] := 0x21
rf[0] := 0x22
rf[0] := 0x23
rf[0] := 0x24
rf[0] := 0x25
rf[0] := 0x26
rf[0] := 0x27
rf[0] := 0x28
rf[0] := 0x29
rf[0] := 0x2a
rf[0] := 0x2b
rf[0] := 0x2c
rf[0] := 0x2d
rf[0] := 0x2e
rf[0] := 0x2f
rf[0] := 0x30
rf[0] := 0x31
rf[0] := 0x32
rf[0] := 0x33
rf[0] := 0x34
rf[0] := 0x35
rf[0] := 0x36
rf[0] := 0x37
rf[0] := 0x38
rf[0] := 0x39
rf[0] := 0x3a
rf[0] := 0x3b
rf[0] := 0x3c
rf[0] := 0x3d
rf[0] := 0x3e
rf[0] := 0x3f
rf[0] := 0x40
rf[0] := 0x41
rf[0] := 0x42
rf[0] := 0x43
rf[0] := 0x44
rf[0] := 0x45
rf[0] := 0x46
rf[0] := 0x47
rf[0] := 0x48
rf[0] := 0x49
rf[0] := 0x4a
rf[0] := 0x4b
rf[0] := 0x4c
rf[0] := 0x4d
rf[0] := 0x4e
rf[0] := 0x4f
rf[0] := 0x50
rf[0] := 0x51
rf[0] := 0x52
rf[0] := 0x53
rf[0] := 0x54
rf[0] := 0x55
rf[0] := 0x56
rf[0] := 0x57
rf[0] := 0x58
rf[0] := 0x59
rf[0] := 0x5a
rf[0] := 0x5b
rf[0] := 0x5c
rf[0] := 0x5d
rf[0] := 0x5e
rf[0] := 0x5f
rf[0] := 0x60
rf[0] := 0x61
rf[0] := 0x62
rf[0] := 0x63
rf[0] := 0x64
rf[0] := 0x65
rf[0] := 0x66
rf[0] := 0x67
rf[0] := 0x68
rf[0] := 0x69
rf[0] := 0x6a
rf[0] := 0x6b
rf[0] := 0x6c
rf[0] := 0x6d
rf[0] := 0x6e
rf[0] := 0x6f
rf[0] := 0x70
rf[0] := 0x71
rf[0] := 0x72
rf[0] := 0x73
rf[0] := 0x74
rf[0] := 0x75
rf[0] := 0x76
rf[0] := 0x77
rf[0] := 0x78
rf[0] := 0x79
rf[0] := 0x7a
rf[0] := 0x7b
rf[0] := 0x7c
rf[0] := 0x7d
rf[0] := 0x7e
rf[0] := 0x7f
rf[0] := 0x80
rf[0] := 0x81
rf[0] := 0x82
rf[0] := 0x83
rf[0] := 0x84
rf[0] := 0x85
rf[0] := 0x86
rf[0] := 0x87
rf[0] := 0x88
rf[0] := 0x89
rf[0] := 0x8a
rf[0] := 0x8b
rf[0] := 0x8c
rf[0] := 0x8d
rf[0] := 0x8e
rf[0] := 0x8f
rf[0] := 0x90
rf[0] := 0x91
rf[0] := 0x92
rf[0] := 0x93
rf[0] := 0x94
rf[0] := 0x95
rf[0] := 0x96
rf[0] := 0x97
rf[0] := 0x98
rf[0] := 0x99
rf[0] := 0x9a
rf[0] := 0x9b
rf[0] := 0x9c
rf[0] := 0x9d
rf[0] := 0x9e
rf[0] := 0x9f
rf[0] := 0xa0
rf[0] := 0xa1
rf[0] := 0xa2
rf[0] := 0xa3
rf[0] := 0xa4
rf[0] := 0xa5
rf[0] := 0xa6
rf[0] := 0xa7
rf[0] := 0xa8
rf[0] := 0xa9
rf[0] := 0xaa
rf[0] := 0xab
rf[0] := 0xac
rf[0] := 0xad
rf[0] := 0xae
rf[0] := 0xaf
rf[0] := 0xb0
rf[0] := 0xb1
rf[0] := 0xb2
rf[0] := 0xb3
rf[0] := 0xb4
rf[0] := 0xb5
rf[0] := 0xb6
rf[0] := 0xb7
rf[0] := 0xb8
rf[0] := 0xb9
rf[0] := 0xba
rf[0] := 0xbb
rf[0] := 0xbc
rf[0] := 0xbd
rf[0] := 0xbe
rf[0] := 0xbf
rf[0] := 0xc0
rf[0] := 0xc1
rf[0] := 0xc2
rf[0] := 0xc3
rf[0] := 0xc4
rf[0] := 0xc5
rf[0] := 0xc6
rf[0] := 0xc7
rf[0] := 0xc8
rf[0] := 0xc9
rf[0] := 0xca
rf[0] := 0xcb
rf[0] := 0xcc
rf[0] := 0xcd
rf[0] := 0xce
rf[0] := 0xcf
rf[0] := 0xd0
rf[0] := 0xd1
rf[0] := 0xd2
rf[0] := 0xd3
rf[0] := 0xd4
rf[0] := 0xd5
rf[0] := 0xd6
rf[0] := 0xd7
rf[0] := 0xd8
rf[0] := 0xd9
rf[0] := 0xda
rf[0] := 0xdb
rf[0] := 0xdc
rf[0] := 0xdd
rf[0] := 0xde
rf[0] := 0xdf
rf[0] := 0xe0
rf[0] := 0xe1
rf[0] := 0xe2
rf[0] := 0xe3
rf[0] := 0xe4
rf[0] := 0xe5
rf[0] := 0xe6
rf[0] := 0xe7
rf[0] := 0xe8
rf[0] := 0xe9
rf[0] := 0xea
rf[0] := 0xeb
rf[0] := 0xec
rf[0] := 0xed
rf[0] := 0xee
rf[0] := 0xef
rf[0] := 0xf0
rf[0] := 0xf1
rf[0] := 0xf2
rf[0] := 0xf3
rf[0] := 0xf4
rf[0] := 0xf5
rf[0] := 0xf6
rf[0] := 0xf7
rf[0] := 0xf8
rf[0] := 0xf9
rf[0] := 0xfa
rf[0] := 0xfb
rf[0] := 0xfc
rf[0] := 0xfd
rf[0] := 0xfe
rf[0] := 0xff
rf[0] := 0x00
